#
# There is insufficient memory for the Java Runtime Environment to continue.
# Native memory allocation (malloc) failed to allocate 32744 bytes for Chunk::new
# Possible reasons:
#   The system is out of physical RAM or swap space
#   The process is running with CompressedOops enabled, and the Java Heap may be blocking the growth of the native heap
# Possible solutions:
#   Reduce memory load on the system
#   Increase physical memory or swap space
#   Check if swap backing store is full
#   Decrease Java heap size (-Xmx/-Xms)
#   Decrease number of Java threads
#   Decrease Java thread stack sizes (-Xss)
#   Set larger code cache with -XX:ReservedCodeCacheSize=
#   JVM is running with Unscaled Compressed Oops mode in which the Java heap is
#     placed in the first 4GB address space. The Java Heap base address is the
#     maximum limit for the native heap growth. Please use -XX:HeapBaseMinAddress
#     to set the Java Heap base and to place the Java Heap above 4GB virtual address.
# This output file may be truncated or incomplete.
#
#  Out of Memory Error (arena.cpp:184), pid=25156, tid=25380
#
# JRE version: Java(TM) SE Runtime Environment (18.0.2.1+1) (build 18.0.2.1+1-1)
# Java VM: Java HotSpot(TM) 64-Bit Server VM (18.0.2.1+1-1, mixed mode, sharing, tiered, compressed oops, compressed class ptrs, g1 gc, windows-amd64)
# No core dump will be written. Minidumps are not enabled by default on client versions of Windows
#

---------------  S U M M A R Y ------------

Command Line: -Dfile.encoding=UTF-8 -XX:+ShowCodeDetailsInExceptionMessages programmePrincipal.ProgrammePrincipal

Host: Intel(R) Core(TM) i5-10300H CPU @ 2.50GHz, 8 cores, 7G,  Windows 11 , 64 bit Build 22000 (10.0.22000.1219)
Time: Sat Dec  3 00:20:48 2022 Est elapsed time: 9497.602140 seconds (0d 2h 38m 17s)

---------------  T H R E A D  ---------------

Current thread (0x00000236ca332c60):  JavaThread "C1 CompilerThread0" daemon [_thread_in_native, id=25380, stack(0x000000384ee00000,0x000000384ef00000)]


Current CompileTask:
C1:9497602 1234       3       java.lang.invoke.MethodHandle::keepsAlive (20 bytes)

Stack: [0x000000384ee00000,0x000000384ef00000]
Native frames: (J=compiled Java code, j=interpreted, Vv=VM code, C=native code)
V  [jvm.dll+0x6993aa]
V  [jvm.dll+0x7f46dd]
V  [jvm.dll+0x7f5fee]
V  [jvm.dll+0x7f66a3]
V  [jvm.dll+0x25cf1f]
V  [jvm.dll+0xb8c2f]
V  [jvm.dll+0xb8fa5]
V  [jvm.dll+0x125faf]
V  [jvm.dll+0x17e66b]
V  [jvm.dll+0x17e162]
V  [jvm.dll+0x1755a2]
V  [jvm.dll+0x17254e]
V  [jvm.dll+0x160490]
V  [jvm.dll+0x148f67]
V  [jvm.dll+0x1488cf]
V  [jvm.dll+0x148b26]
V  [jvm.dll+0x147f9a]
V  [jvm.dll+0x149c81]
V  [jvm.dll+0x23ee0a]
V  [jvm.dll+0x23d0f5]
V  [jvm.dll+0x7a6dd1]
V  [jvm.dll+0x7a120a]
V  [jvm.dll+0x698255]
C  [ucrtbase.dll+0x26c0c]
C  [KERNEL32.DLL+0x15550]
C  [ntdll.dll+0x485b]


---------------  P R O C E S S  ---------------

Threads class SMR info:
_java_thread_list=0x00000236ce617200, length=17, elements={
0x00000236ca30cfc0, 0x00000236ca30f880, 0x00000236ca32e950, 0x00000236ca32f200,
0x00000236ca32fab0, 0x00000236ca33d110, 0x00000236ca332370, 0x00000236ca332c60,
0x00000236ca333d30, 0x00000236ce5daa90, 0x00000236ce5de1e0, 0x00000236ce611ff0,
0x00000236ce612680, 0x00000236ce612b40, 0x00000236ce6152b0, 0x00000236aa14cfb0,
0x00000236ce8fe900
}

Java Threads: ( => current thread )
  0x00000236ca30cfc0 JavaThread "Reference Handler" daemon [_thread_blocked, id=26164, stack(0x000000384e700000,0x000000384e800000)]
  0x00000236ca30f880 JavaThread "Finalizer" daemon [_thread_blocked, id=24956, stack(0x000000384e800000,0x000000384e900000)]
  0x00000236ca32e950 JavaThread "Signal Dispatcher" daemon [_thread_blocked, id=26348, stack(0x000000384e900000,0x000000384ea00000)]
  0x00000236ca32f200 JavaThread "Attach Listener" daemon [_thread_blocked, id=25924, stack(0x000000384ea00000,0x000000384eb00000)]
  0x00000236ca32fab0 JavaThread "Service Thread" daemon [_thread_blocked, id=26420, stack(0x000000384eb00000,0x000000384ec00000)]
  0x00000236ca33d110 JavaThread "Monitor Deflation Thread" daemon [_thread_blocked, id=12876, stack(0x000000384ec00000,0x000000384ed00000)]
  0x00000236ca332370 JavaThread "C2 CompilerThread0" daemon [_thread_blocked, id=21892, stack(0x000000384ed00000,0x000000384ee00000)]
=>0x00000236ca332c60 JavaThread "C1 CompilerThread0" daemon [_thread_in_native, id=25380, stack(0x000000384ee00000,0x000000384ef00000)]
  0x00000236ca333d30 JavaThread "Sweeper thread" daemon [_thread_blocked, id=25696, stack(0x000000384ef00000,0x000000384f000000)]
  0x00000236ce5daa90 JavaThread "Notification Thread" daemon [_thread_blocked, id=26292, stack(0x000000384f000000,0x000000384f100000)]
  0x00000236ce5de1e0 JavaThread "Common-Cleaner" daemon [_thread_blocked, id=10972, stack(0x000000384f200000,0x000000384f300000)]
  0x00000236ce611ff0 JavaThread "Java2D Disposer" daemon [_thread_blocked, id=25400, stack(0x000000384f300000,0x000000384f400000)]
  0x00000236ce612680 JavaThread "AWT-Shutdown" [_thread_blocked, id=11624, stack(0x000000384f400000,0x000000384f500000)]
  0x00000236ce612b40 JavaThread "AWT-Windows" daemon [_thread_in_native, id=19624, stack(0x000000384f500000,0x000000384f600000)]
  0x00000236ce6152b0 JavaThread "AWT-EventQueue-0" [_thread_in_native, id=25752, stack(0x000000384f600000,0x000000384f700000)]
  0x00000236aa14cfb0 JavaThread "DestroyJavaVM" [_thread_blocked, id=22796, stack(0x000000384e000000,0x000000384e100000)]
  0x00000236ce8fe900 JavaThread "TimerQueue" daemon [_thread_blocked, id=13304, stack(0x000000384f700000,0x000000384f800000)]

Other Threads:
  0x00000236ca30a850 VMThread "VM Thread" [stack: 0x000000384e600000,0x000000384e700000] [id=21560]
  0x00000236ce5dcf60 WatcherThread "VM Periodic Task Thread" [stack: 0x000000384f100000,0x000000384f200000] [id=21832]
  0x00000236ac290000 WorkerThread "GC Thread#0" [stack: 0x000000384e100000,0x000000384e200000] [id=25992]
  0x00000236ac2a1a00 ConcurrentGCThread "G1 Main Marker" [stack: 0x000000384e200000,0x000000384e300000] [id=15344]
  0x00000236ac2a3ba0 WorkerThread "G1 Conc#0" [stack: 0x000000384e300000,0x000000384e400000] [id=26316]
  0x00000236ac2f3850 ConcurrentGCThread "G1 Refine#0" [stack: 0x000000384e400000,0x000000384e500000] [id=26468]
  0x00000236ac2f3f10 ConcurrentGCThread "G1 Service" [stack: 0x000000384e500000,0x000000384e600000] [id=23492]

Threads with active compile tasks:
C1 CompilerThread0  9498031 1234       3       java.lang.invoke.MethodHandle::keepsAlive (20 bytes)

VM state: not at safepoint (normal execution)

VM Mutex/Monitor currently owned by a thread: None

Heap address: 0x0000000082a00000, size: 2006 MB, Compressed Oops mode: 32-bit

CDS archive(s) mapped at: [0x0000000800000000-0x0000000800ba0000-0x0000000800ba0000), size 12189696, SharedBaseAddress: 0x0000000800000000, ArchiveRelocationMode: 0.
Compressed class space mapped at: 0x0000000800c00000-0x0000000840c00000, reserved size: 1073741824
Narrow klass base: 0x0000000800000000, Narrow klass shift: 0, Narrow klass range: 0x100000000

GC Precious Log:
 CardTable entry size: 512
 Card Set container configuration: InlinePtr #cards 5 size 8 Array Of Cards #cards 12 size 40 Howl #buckets 4 coarsen threshold 1843 Howl Bitmap #cards 512 size 80 coarsen threshold 460 Card regions per heap region 1 cards per card region 2048
 CPUs: 8 total, 8 available
 Memory: 8023M
 Large Page Support: Disabled
 NUMA Support: Disabled
 Compressed Oops: Enabled (32-bit)
 Heap Region Size: 1M
 Heap Min Capacity: 8M
 Heap Initial Capacity: 126M
 Heap Max Capacity: 2006M
 Pre-touch: Disabled
 Parallel Workers: 8
 Concurrent Workers: 2
 Concurrent Refinement Workers: 8
 Periodic GC: Disabled

Heap:
 garbage-first heap   total 129024K, used 16384K [0x0000000082a00000, 0x0000000100000000)
  region size 1024K, 10 young (10240K), 0 survivors (0K)
 Metaspace       used 9989K, committed 10240K, reserved 1114112K
  class space    used 1173K, committed 1280K, reserved 1048576K

Heap Regions: E=young(eden), S=young(survivor), O=old, HS=humongous(starts), HC=humongous(continues), CS=collection set, F=free, OA=open archive, CA=closed archive, TAMS=top-at-mark-start (previous, next)
|   0|0x0000000082a00000, 0x0000000082b00000, 0x0000000082b00000|100%|HS|  |TAMS 0x0000000082a00000, 0x0000000082a00000| Complete 
|   1|0x0000000082b00000, 0x0000000082c00000, 0x0000000082c00000|100%|HC|  |TAMS 0x0000000082b00000, 0x0000000082b00000| Complete 
|   2|0x0000000082c00000, 0x0000000082d00000, 0x0000000082d00000|100%|HC|  |TAMS 0x0000000082c00000, 0x0000000082c00000| Complete 
|   3|0x0000000082d00000, 0x0000000082e00000, 0x0000000082e00000|100%|HC|  |TAMS 0x0000000082d00000, 0x0000000082d00000| Complete 
|   4|0x0000000082e00000, 0x0000000082f00000, 0x0000000082f00000|100%|HC|  |TAMS 0x0000000082e00000, 0x0000000082e00000| Complete 
|   5|0x0000000082f00000, 0x0000000083000000, 0x0000000083000000|100%|HC|  |TAMS 0x0000000082f00000, 0x0000000082f00000| Complete 
|   6|0x0000000083000000, 0x0000000083100000, 0x0000000083100000|100%|HC|  |TAMS 0x0000000083000000, 0x0000000083000000| Complete 
|   7|0x0000000083100000, 0x0000000083200000, 0x0000000083200000|100%|HC|  |TAMS 0x0000000083100000, 0x0000000083100000| Complete 
|   8|0x0000000083200000, 0x0000000083200000, 0x0000000083300000|  0%| F|  |TAMS 0x0000000083200000, 0x0000000083200000| Untracked 
|   9|0x0000000083300000, 0x0000000083300000, 0x0000000083400000|  0%| F|  |TAMS 0x0000000083300000, 0x0000000083300000| Untracked 
|  10|0x0000000083400000, 0x0000000083400000, 0x0000000083500000|  0%| F|  |TAMS 0x0000000083400000, 0x0000000083400000| Untracked 
|  11|0x0000000083500000, 0x0000000083500000, 0x0000000083600000|  0%| F|  |TAMS 0x0000000083500000, 0x0000000083500000| Untracked 
|  12|0x0000000083600000, 0x0000000083600000, 0x0000000083700000|  0%| F|  |TAMS 0x0000000083600000, 0x0000000083600000| Untracked 
|  13|0x0000000083700000, 0x0000000083700000, 0x0000000083800000|  0%| F|  |TAMS 0x0000000083700000, 0x0000000083700000| Untracked 
|  14|0x0000000083800000, 0x0000000083800000, 0x0000000083900000|  0%| F|  |TAMS 0x0000000083800000, 0x0000000083800000| Untracked 
|  15|0x0000000083900000, 0x0000000083900000, 0x0000000083a00000|  0%| F|  |TAMS 0x0000000083900000, 0x0000000083900000| Untracked 
|  16|0x0000000083a00000, 0x0000000083a00000, 0x0000000083b00000|  0%| F|  |TAMS 0x0000000083a00000, 0x0000000083a00000| Untracked 
|  17|0x0000000083b00000, 0x0000000083b00000, 0x0000000083c00000|  0%| F|  |TAMS 0x0000000083b00000, 0x0000000083b00000| Untracked 
|  18|0x0000000083c00000, 0x0000000083c00000, 0x0000000083d00000|  0%| F|  |TAMS 0x0000000083c00000, 0x0000000083c00000| Untracked 
|  19|0x0000000083d00000, 0x0000000083d00000, 0x0000000083e00000|  0%| F|  |TAMS 0x0000000083d00000, 0x0000000083d00000| Untracked 
|  20|0x0000000083e00000, 0x0000000083e00000, 0x0000000083f00000|  0%| F|  |TAMS 0x0000000083e00000, 0x0000000083e00000| Untracked 
|  21|0x0000000083f00000, 0x0000000083f00000, 0x0000000084000000|  0%| F|  |TAMS 0x0000000083f00000, 0x0000000083f00000| Untracked 
|  22|0x0000000084000000, 0x0000000084000000, 0x0000000084100000|  0%| F|  |TAMS 0x0000000084000000, 0x0000000084000000| Untracked 
|  23|0x0000000084100000, 0x0000000084100000, 0x0000000084200000|  0%| F|  |TAMS 0x0000000084100000, 0x0000000084100000| Untracked 
|  24|0x0000000084200000, 0x0000000084200000, 0x0000000084300000|  0%| F|  |TAMS 0x0000000084200000, 0x0000000084200000| Untracked 
|  25|0x0000000084300000, 0x0000000084300000, 0x0000000084400000|  0%| F|  |TAMS 0x0000000084300000, 0x0000000084300000| Untracked 
|  26|0x0000000084400000, 0x0000000084400000, 0x0000000084500000|  0%| F|  |TAMS 0x0000000084400000, 0x0000000084400000| Untracked 
|  27|0x0000000084500000, 0x0000000084500000, 0x0000000084600000|  0%| F|  |TAMS 0x0000000084500000, 0x0000000084500000| Untracked 
|  28|0x0000000084600000, 0x0000000084600000, 0x0000000084700000|  0%| F|  |TAMS 0x0000000084600000, 0x0000000084600000| Untracked 
|  29|0x0000000084700000, 0x0000000084700000, 0x0000000084800000|  0%| F|  |TAMS 0x0000000084700000, 0x0000000084700000| Untracked 
|  30|0x0000000084800000, 0x0000000084800000, 0x0000000084900000|  0%| F|  |TAMS 0x0000000084800000, 0x0000000084800000| Untracked 
|  31|0x0000000084900000, 0x0000000084900000, 0x0000000084a00000|  0%| F|  |TAMS 0x0000000084900000, 0x0000000084900000| Untracked 
|  32|0x0000000084a00000, 0x0000000084a00000, 0x0000000084b00000|  0%| F|  |TAMS 0x0000000084a00000, 0x0000000084a00000| Untracked 
|  33|0x0000000084b00000, 0x0000000084b00000, 0x0000000084c00000|  0%| F|  |TAMS 0x0000000084b00000, 0x0000000084b00000| Untracked 
|  34|0x0000000084c00000, 0x0000000084c00000, 0x0000000084d00000|  0%| F|  |TAMS 0x0000000084c00000, 0x0000000084c00000| Untracked 
|  35|0x0000000084d00000, 0x0000000084d00000, 0x0000000084e00000|  0%| F|  |TAMS 0x0000000084d00000, 0x0000000084d00000| Untracked 
|  36|0x0000000084e00000, 0x0000000084e00000, 0x0000000084f00000|  0%| F|  |TAMS 0x0000000084e00000, 0x0000000084e00000| Untracked 
|  37|0x0000000084f00000, 0x0000000084f00000, 0x0000000085000000|  0%| F|  |TAMS 0x0000000084f00000, 0x0000000084f00000| Untracked 
|  38|0x0000000085000000, 0x0000000085000000, 0x0000000085100000|  0%| F|  |TAMS 0x0000000085000000, 0x0000000085000000| Untracked 
|  39|0x0000000085100000, 0x0000000085100000, 0x0000000085200000|  0%| F|  |TAMS 0x0000000085100000, 0x0000000085100000| Untracked 
|  40|0x0000000085200000, 0x0000000085200000, 0x0000000085300000|  0%| F|  |TAMS 0x0000000085200000, 0x0000000085200000| Untracked 
|  41|0x0000000085300000, 0x0000000085300000, 0x0000000085400000|  0%| F|  |TAMS 0x0000000085300000, 0x0000000085300000| Untracked 
|  42|0x0000000085400000, 0x0000000085400000, 0x0000000085500000|  0%| F|  |TAMS 0x0000000085400000, 0x0000000085400000| Untracked 
|  43|0x0000000085500000, 0x0000000085500000, 0x0000000085600000|  0%| F|  |TAMS 0x0000000085500000, 0x0000000085500000| Untracked 
|  44|0x0000000085600000, 0x0000000085600000, 0x0000000085700000|  0%| F|  |TAMS 0x0000000085600000, 0x0000000085600000| Untracked 
|  45|0x0000000085700000, 0x0000000085700000, 0x0000000085800000|  0%| F|  |TAMS 0x0000000085700000, 0x0000000085700000| Untracked 
|  46|0x0000000085800000, 0x0000000085800000, 0x0000000085900000|  0%| F|  |TAMS 0x0000000085800000, 0x0000000085800000| Untracked 
|  47|0x0000000085900000, 0x0000000085900000, 0x0000000085a00000|  0%| F|  |TAMS 0x0000000085900000, 0x0000000085900000| Untracked 
|  48|0x0000000085a00000, 0x0000000085a00000, 0x0000000085b00000|  0%| F|  |TAMS 0x0000000085a00000, 0x0000000085a00000| Untracked 
|  49|0x0000000085b00000, 0x0000000085b00000, 0x0000000085c00000|  0%| F|  |TAMS 0x0000000085b00000, 0x0000000085b00000| Untracked 
|  50|0x0000000085c00000, 0x0000000085c00000, 0x0000000085d00000|  0%| F|  |TAMS 0x0000000085c00000, 0x0000000085c00000| Untracked 
|  51|0x0000000085d00000, 0x0000000085d00000, 0x0000000085e00000|  0%| F|  |TAMS 0x0000000085d00000, 0x0000000085d00000| Untracked 
|  52|0x0000000085e00000, 0x0000000085e00000, 0x0000000085f00000|  0%| F|  |TAMS 0x0000000085e00000, 0x0000000085e00000| Untracked 
|  53|0x0000000085f00000, 0x0000000085f00000, 0x0000000086000000|  0%| F|  |TAMS 0x0000000085f00000, 0x0000000085f00000| Untracked 
|  54|0x0000000086000000, 0x0000000086000000, 0x0000000086100000|  0%| F|  |TAMS 0x0000000086000000, 0x0000000086000000| Untracked 
|  55|0x0000000086100000, 0x0000000086100000, 0x0000000086200000|  0%| F|  |TAMS 0x0000000086100000, 0x0000000086100000| Untracked 
|  56|0x0000000086200000, 0x0000000086200000, 0x0000000086300000|  0%| F|  |TAMS 0x0000000086200000, 0x0000000086200000| Untracked 
|  57|0x0000000086300000, 0x0000000086300000, 0x0000000086400000|  0%| F|  |TAMS 0x0000000086300000, 0x0000000086300000| Untracked 
|  58|0x0000000086400000, 0x0000000086400000, 0x0000000086500000|  0%| F|  |TAMS 0x0000000086400000, 0x0000000086400000| Untracked 
|  59|0x0000000086500000, 0x0000000086500000, 0x0000000086600000|  0%| F|  |TAMS 0x0000000086500000, 0x0000000086500000| Untracked 
|  60|0x0000000086600000, 0x0000000086600000, 0x0000000086700000|  0%| F|  |TAMS 0x0000000086600000, 0x0000000086600000| Untracked 
|  61|0x0000000086700000, 0x0000000086700000, 0x0000000086800000|  0%| F|  |TAMS 0x0000000086700000, 0x0000000086700000| Untracked 
|  62|0x0000000086800000, 0x0000000086800000, 0x0000000086900000|  0%| F|  |TAMS 0x0000000086800000, 0x0000000086800000| Untracked 
|  63|0x0000000086900000, 0x0000000086900000, 0x0000000086a00000|  0%| F|  |TAMS 0x0000000086900000, 0x0000000086900000| Untracked 
|  64|0x0000000086a00000, 0x0000000086a00000, 0x0000000086b00000|  0%| F|  |TAMS 0x0000000086a00000, 0x0000000086a00000| Untracked 
|  65|0x0000000086b00000, 0x0000000086b00000, 0x0000000086c00000|  0%| F|  |TAMS 0x0000000086b00000, 0x0000000086b00000| Untracked 
|  66|0x0000000086c00000, 0x0000000086c00000, 0x0000000086d00000|  0%| F|  |TAMS 0x0000000086c00000, 0x0000000086c00000| Untracked 
|  67|0x0000000086d00000, 0x0000000086d00000, 0x0000000086e00000|  0%| F|  |TAMS 0x0000000086d00000, 0x0000000086d00000| Untracked 
|  68|0x0000000086e00000, 0x0000000086e00000, 0x0000000086f00000|  0%| F|  |TAMS 0x0000000086e00000, 0x0000000086e00000| Untracked 
|  69|0x0000000086f00000, 0x0000000086f00000, 0x0000000087000000|  0%| F|  |TAMS 0x0000000086f00000, 0x0000000086f00000| Untracked 
|  70|0x0000000087000000, 0x0000000087000000, 0x0000000087100000|  0%| F|  |TAMS 0x0000000087000000, 0x0000000087000000| Untracked 
|  71|0x0000000087100000, 0x0000000087100000, 0x0000000087200000|  0%| F|  |TAMS 0x0000000087100000, 0x0000000087100000| Untracked 
|  72|0x0000000087200000, 0x0000000087200000, 0x0000000087300000|  0%| F|  |TAMS 0x0000000087200000, 0x0000000087200000| Untracked 
|  73|0x0000000087300000, 0x0000000087300000, 0x0000000087400000|  0%| F|  |TAMS 0x0000000087300000, 0x0000000087300000| Untracked 
|  74|0x0000000087400000, 0x0000000087400000, 0x0000000087500000|  0%| F|  |TAMS 0x0000000087400000, 0x0000000087400000| Untracked 
|  75|0x0000000087500000, 0x0000000087500000, 0x0000000087600000|  0%| F|  |TAMS 0x0000000087500000, 0x0000000087500000| Untracked 
|  76|0x0000000087600000, 0x0000000087600000, 0x0000000087700000|  0%| F|  |TAMS 0x0000000087600000, 0x0000000087600000| Untracked 
|  77|0x0000000087700000, 0x0000000087700000, 0x0000000087800000|  0%| F|  |TAMS 0x0000000087700000, 0x0000000087700000| Untracked 
|  78|0x0000000087800000, 0x0000000087800000, 0x0000000087900000|  0%| F|  |TAMS 0x0000000087800000, 0x0000000087800000| Untracked 
|  79|0x0000000087900000, 0x0000000087900000, 0x0000000087a00000|  0%| F|  |TAMS 0x0000000087900000, 0x0000000087900000| Untracked 
|  80|0x0000000087a00000, 0x0000000087a00000, 0x0000000087b00000|  0%| F|  |TAMS 0x0000000087a00000, 0x0000000087a00000| Untracked 
|  81|0x0000000087b00000, 0x0000000087b00000, 0x0000000087c00000|  0%| F|  |TAMS 0x0000000087b00000, 0x0000000087b00000| Untracked 
|  82|0x0000000087c00000, 0x0000000087c00000, 0x0000000087d00000|  0%| F|  |TAMS 0x0000000087c00000, 0x0000000087c00000| Untracked 
|  83|0x0000000087d00000, 0x0000000087d00000, 0x0000000087e00000|  0%| F|  |TAMS 0x0000000087d00000, 0x0000000087d00000| Untracked 
|  84|0x0000000087e00000, 0x0000000087e00000, 0x0000000087f00000|  0%| F|  |TAMS 0x0000000087e00000, 0x0000000087e00000| Untracked 
|  85|0x0000000087f00000, 0x0000000087f00000, 0x0000000088000000|  0%| F|  |TAMS 0x0000000087f00000, 0x0000000087f00000| Untracked 
|  86|0x0000000088000000, 0x0000000088000000, 0x0000000088100000|  0%| F|  |TAMS 0x0000000088000000, 0x0000000088000000| Untracked 
|  87|0x0000000088100000, 0x0000000088100000, 0x0000000088200000|  0%| F|  |TAMS 0x0000000088100000, 0x0000000088100000| Untracked 
|  88|0x0000000088200000, 0x0000000088200000, 0x0000000088300000|  0%| F|  |TAMS 0x0000000088200000, 0x0000000088200000| Untracked 
|  89|0x0000000088300000, 0x0000000088300000, 0x0000000088400000|  0%| F|  |TAMS 0x0000000088300000, 0x0000000088300000| Untracked 
|  90|0x0000000088400000, 0x0000000088400000, 0x0000000088500000|  0%| F|  |TAMS 0x0000000088400000, 0x0000000088400000| Untracked 
|  91|0x0000000088500000, 0x0000000088500000, 0x0000000088600000|  0%| F|  |TAMS 0x0000000088500000, 0x0000000088500000| Untracked 
|  92|0x0000000088600000, 0x0000000088600000, 0x0000000088700000|  0%| F|  |TAMS 0x0000000088600000, 0x0000000088600000| Untracked 
|  93|0x0000000088700000, 0x0000000088700000, 0x0000000088800000|  0%| F|  |TAMS 0x0000000088700000, 0x0000000088700000| Untracked 
|  94|0x0000000088800000, 0x0000000088800000, 0x0000000088900000|  0%| F|  |TAMS 0x0000000088800000, 0x0000000088800000| Untracked 
|  95|0x0000000088900000, 0x0000000088900000, 0x0000000088a00000|  0%| F|  |TAMS 0x0000000088900000, 0x0000000088900000| Untracked 
|  96|0x0000000088a00000, 0x0000000088a00000, 0x0000000088b00000|  0%| F|  |TAMS 0x0000000088a00000, 0x0000000088a00000| Untracked 
|  97|0x0000000088b00000, 0x0000000088b00000, 0x0000000088c00000|  0%| F|  |TAMS 0x0000000088b00000, 0x0000000088b00000| Untracked 
|  98|0x0000000088c00000, 0x0000000088c00000, 0x0000000088d00000|  0%| F|  |TAMS 0x0000000088c00000, 0x0000000088c00000| Untracked 
|  99|0x0000000088d00000, 0x0000000088d00000, 0x0000000088e00000|  0%| F|  |TAMS 0x0000000088d00000, 0x0000000088d00000| Untracked 
| 100|0x0000000088e00000, 0x0000000088e00000, 0x0000000088f00000|  0%| F|  |TAMS 0x0000000088e00000, 0x0000000088e00000| Untracked 
| 101|0x0000000088f00000, 0x0000000088f00000, 0x0000000089000000|  0%| F|  |TAMS 0x0000000088f00000, 0x0000000088f00000| Untracked 
| 102|0x0000000089000000, 0x0000000089000000, 0x0000000089100000|  0%| F|  |TAMS 0x0000000089000000, 0x0000000089000000| Untracked 
| 103|0x0000000089100000, 0x0000000089100000, 0x0000000089200000|  0%| F|  |TAMS 0x0000000089100000, 0x0000000089100000| Untracked 
| 104|0x0000000089200000, 0x0000000089200000, 0x0000000089300000|  0%| F|  |TAMS 0x0000000089200000, 0x0000000089200000| Untracked 
| 105|0x0000000089300000, 0x0000000089300000, 0x0000000089400000|  0%| F|  |TAMS 0x0000000089300000, 0x0000000089300000| Untracked 
| 106|0x0000000089400000, 0x0000000089400000, 0x0000000089500000|  0%| F|  |TAMS 0x0000000089400000, 0x0000000089400000| Untracked 
| 107|0x0000000089500000, 0x0000000089500000, 0x0000000089600000|  0%| F|  |TAMS 0x0000000089500000, 0x0000000089500000| Untracked 
| 108|0x0000000089600000, 0x0000000089600000, 0x0000000089700000|  0%| F|  |TAMS 0x0000000089600000, 0x0000000089600000| Untracked 
| 109|0x0000000089700000, 0x0000000089700000, 0x0000000089800000|  0%| F|  |TAMS 0x0000000089700000, 0x0000000089700000| Untracked 
| 110|0x0000000089800000, 0x0000000089800000, 0x0000000089900000|  0%| F|  |TAMS 0x0000000089800000, 0x0000000089800000| Untracked 
| 111|0x0000000089900000, 0x0000000089900000, 0x0000000089a00000|  0%| F|  |TAMS 0x0000000089900000, 0x0000000089900000| Untracked 
| 112|0x0000000089a00000, 0x0000000089a00000, 0x0000000089b00000|  0%| F|  |TAMS 0x0000000089a00000, 0x0000000089a00000| Untracked 
| 113|0x0000000089b00000, 0x0000000089b00000, 0x0000000089c00000|  0%| F|  |TAMS 0x0000000089b00000, 0x0000000089b00000| Untracked 
| 114|0x0000000089c00000, 0x0000000089c00000, 0x0000000089d00000|  0%| F|  |TAMS 0x0000000089c00000, 0x0000000089c00000| Untracked 
| 115|0x0000000089d00000, 0x0000000089d00000, 0x0000000089e00000|  0%| F|  |TAMS 0x0000000089d00000, 0x0000000089d00000| Untracked 
| 116|0x0000000089e00000, 0x0000000089e79ed0, 0x0000000089f00000| 47%| E|  |TAMS 0x0000000089e00000, 0x0000000089e00000| Complete 
| 117|0x0000000089f00000, 0x000000008a000000, 0x000000008a000000|100%| E|CS|TAMS 0x0000000089f00000, 0x0000000089f00000| Complete 
| 118|0x000000008a000000, 0x000000008a100000, 0x000000008a100000|100%| E|CS|TAMS 0x000000008a000000, 0x000000008a000000| Complete 
| 119|0x000000008a100000, 0x000000008a200000, 0x000000008a200000|100%| E|  |TAMS 0x000000008a100000, 0x000000008a100000| Complete 
| 120|0x000000008a200000, 0x000000008a300000, 0x000000008a300000|100%| E|CS|TAMS 0x000000008a200000, 0x000000008a200000| Complete 
| 121|0x000000008a300000, 0x000000008a400000, 0x000000008a400000|100%| E|CS|TAMS 0x000000008a300000, 0x000000008a300000| Complete 
| 122|0x000000008a400000, 0x000000008a500000, 0x000000008a500000|100%| E|CS|TAMS 0x000000008a400000, 0x000000008a400000| Complete 
| 123|0x000000008a500000, 0x000000008a600000, 0x000000008a600000|100%| E|CS|TAMS 0x000000008a500000, 0x000000008a500000| Complete 
| 124|0x000000008a600000, 0x000000008a700000, 0x000000008a700000|100%| E|CS|TAMS 0x000000008a600000, 0x000000008a600000| Complete 
| 125|0x000000008a700000, 0x000000008a800000, 0x000000008a800000|100%| E|CS|TAMS 0x000000008a700000, 0x000000008a700000| Complete 

Card table byte_map: [0x00000236c3290000,0x00000236c3680000] _byte_map_base: 0x00000236c2e7b000

Marking Bits (Prev, Next): (CMBitMap*) 0x00000236ac291610, (CMBitMap*) 0x00000236ac291650
 Prev Bits: [0x00000236c3a70000, 0x00000236c59c8000)
 Next Bits: [0x00000236c59d0000, 0x00000236c7928000)

Polling page: 0x00000236aa1f0000

Metaspace:

Usage:
  Non-class:      8.61 MB used.
      Class:      1.15 MB used.
       Both:      9.76 MB used.

Virtual space:
  Non-class space:       64.00 MB reserved,       8.75 MB ( 14%) committed,  1 nodes.
      Class space:        1.00 GB reserved,       1.25 MB ( <1%) committed,  1 nodes.
             Both:        1.06 GB reserved,      10.00 MB ( <1%) committed. 

Chunk freelists:
   Non-Class:  3.00 MB
       Class:  2.73 MB
        Both:  5.73 MB

MaxMetaspaceSize: unlimited
CompressedClassSpaceSize: 1.00 GB
Initial GC threshold: 21.00 MB
Current GC threshold: 21.00 MB
CDS: on
MetaspaceReclaimPolicy: balanced
 - commit_granule_bytes: 65536.
 - commit_granule_words: 8192.
 - virtual_space_node_default_size: 8388608.
 - enlarge_chunks_in_place: 1.
 - new_chunks_are_fully_committed: 0.
 - uncommit_free_chunks: 1.
 - use_allocation_guard: 0.


Internal statistics:

num_allocs_failed_limit: 0.
num_arena_births: 136.
num_arena_deaths: 0.
num_vsnodes_births: 2.
num_vsnodes_deaths: 0.
num_space_committed: 160.
num_space_uncommitted: 0.
num_chunks_returned_to_freelist: 0.
num_chunks_taken_from_freelist: 176.
num_chunk_merges: 0.
num_chunk_splits: 110.
num_chunks_enlarged: 58.
num_inconsistent_stats: 0.

CodeHeap 'non-profiled nmethods': size=120000Kb used=341Kb max_used=341Kb free=119658Kb
 bounds [0x00000236bb640000, 0x00000236bb8b0000, 0x00000236c2b70000]
CodeHeap 'profiled nmethods': size=120000Kb used=2223Kb max_used=2223Kb free=117776Kb
 bounds [0x00000236b4110000, 0x00000236b4380000, 0x00000236bb640000]
CodeHeap 'non-nmethods': size=5760Kb used=1311Kb max_used=1332Kb free=4448Kb
 bounds [0x00000236b3b70000, 0x00000236b3de0000, 0x00000236b4110000]
 total_blobs=1870 nmethods=1233 adapters=550
 compilation: enabled
              stopped_count=0, restarted_count=0
 full_count=0

Compilation events (20 events):
Event: 102.987 Thread 0x00000236ca332c60 nmethod 1223 0x00000236b4335610 code [0x00000236b4335800, 0x00000236b4335d28]
Event: 102.987 Thread 0x00000236ca332c60 1224       3       sun.java2d.SurfaceData::validatePipe (785 bytes)
Event: 102.988 Thread 0x00000236ca332c60 nmethod 1224 0x00000236b4335f10 code [0x00000236b43363a0, 0x00000236b43393e8]
Event: 102.988 Thread 0x00000236ca332c60 1225       1       sun.awt.image.BufImgSurfaceData::getDefaultScaleX (5 bytes)
Event: 102.988 Thread 0x00000236ca332c60 nmethod 1225 0x00000236bb694490 code [0x00000236bb694620, 0x00000236bb6946f8]
Event: 102.988 Thread 0x00000236ca332c60 1226       1       sun.awt.image.BufImgSurfaceData::getDefaultScaleY (5 bytes)
Event: 102.988 Thread 0x00000236ca332c60 nmethod 1226 0x00000236bb694790 code [0x00000236bb694920, 0x00000236bb6949f8]
Event: 103.077 Thread 0x00000236ca332c60 1227       1       sun.util.locale.BaseLocale::getVariant (5 bytes)
Event: 103.077 Thread 0x00000236ca332c60 nmethod 1227 0x00000236bb694a90 code [0x00000236bb694c20, 0x00000236bb694cf8]
Event: 103.078 Thread 0x00000236ca332c60 1228   !   3       java.util.WeakHashMap::expungeStaleEntries (139 bytes)
Event: 103.079 Thread 0x00000236ca332c60 nmethod 1228 0x00000236b4339610 code [0x00000236b4339820, 0x00000236b433a228]
Event: 103.080 Thread 0x00000236ca332c60 1229       3       sun.util.locale.LocaleUtils::isAlpha (30 bytes)
Event: 103.080 Thread 0x00000236ca332c60 nmethod 1229 0x00000236b433a710 code [0x00000236b433a8a0, 0x00000236b433aa98]
Event: 103.081 Thread 0x00000236ca332c60 1230       1       javax.swing.AbstractButton::getText (5 bytes)
Event: 103.081 Thread 0x00000236ca332c60 nmethod 1230 0x00000236bb694d90 code [0x00000236bb694f20, 0x00000236bb694ff8]
Event: 7681.079 Thread 0x00000236ca332c60 1232       3       java.lang.ref.ReferenceQueue::reallyPoll (65 bytes)
Event: 7681.090 Thread 0x00000236ca332c60 nmethod 1232 0x00000236b433ab10 code [0x00000236b433ace0, 0x00000236b433b218]
Event: 9496.328 Thread 0x00000236ca332c60 1233       3       java.lang.invoke.DirectMethodHandle::shouldBeInitialized (117 bytes)
Event: 9496.484 Thread 0x00000236ca332c60 nmethod 1233 0x00000236b433b310 code [0x00000236b433b560, 0x00000236b433bd58]
Event: 9497.185 Thread 0x00000236ca332c60 1234       3       java.lang.invoke.MethodHandle::keepsAlive (20 bytes)

GC Heap History (0 events):
No events

Deoptimization events (20 events):
Event: 102.177 Thread 0x00000236ce6152b0 Uncommon trap: trap_request=0xffffff45 fr.pc=0x00000236bb685a5c relative=0x00000000000001bc
Event: 102.177 Thread 0x00000236ce6152b0 Uncommon trap: reason=unstable_if action=reinterpret pc=0x00000236bb685a5c method=java.util.concurrent.locks.AbstractQueuedSynchronizer.signalNext(Ljava/util/concurrent/locks/AbstractQueuedSynchronizer$Node;)V @ 1 c2
Event: 102.177 Thread 0x00000236ce6152b0 DEOPT PACKING pc=0x00000236bb685a5c sp=0x000000384f6fcf10
Event: 102.177 Thread 0x00000236ce6152b0 DEOPT UNPACKING pc=0x00000236b3bc23a3 sp=0x000000384f6fce10 mode 2
Event: 102.184 Thread 0x00000236ce6152b0 Uncommon trap: trap_request=0xffffffde fr.pc=0x00000236bb65c6b8 relative=0x00000000000001b8
Event: 102.184 Thread 0x00000236ce6152b0 Uncommon trap: reason=class_check action=maybe_recompile pc=0x00000236bb65c6b8 method=java.lang.String.equals(Ljava/lang/Object;)Z @ 8 c2
Event: 102.184 Thread 0x00000236ce6152b0 DEOPT PACKING pc=0x00000236bb65c6b8 sp=0x000000384f6fdf30
Event: 102.184 Thread 0x00000236ce6152b0 DEOPT UNPACKING pc=0x00000236b3bc23a3 sp=0x000000384f6fded8 mode 2
Event: 102.185 Thread 0x00000236ce6152b0 Uncommon trap: trap_request=0xffffffde fr.pc=0x00000236bb65c6b8 relative=0x00000000000001b8
Event: 102.185 Thread 0x00000236ce6152b0 Uncommon trap: reason=class_check action=maybe_recompile pc=0x00000236bb65c6b8 method=java.lang.String.equals(Ljava/lang/Object;)Z @ 8 c2
Event: 102.185 Thread 0x00000236ce6152b0 DEOPT PACKING pc=0x00000236bb65c6b8 sp=0x000000384f6fdf30
Event: 102.185 Thread 0x00000236ce6152b0 DEOPT UNPACKING pc=0x00000236b3bc23a3 sp=0x000000384f6fded8 mode 2
Event: 102.187 Thread 0x00000236ce6152b0 Uncommon trap: trap_request=0xffffffde fr.pc=0x00000236bb65c6b8 relative=0x00000000000001b8
Event: 102.187 Thread 0x00000236ce6152b0 Uncommon trap: reason=class_check action=maybe_recompile pc=0x00000236bb65c6b8 method=java.lang.String.equals(Ljava/lang/Object;)Z @ 8 c2
Event: 102.187 Thread 0x00000236ce6152b0 DEOPT PACKING pc=0x00000236bb65c6b8 sp=0x000000384f6fde20
Event: 102.187 Thread 0x00000236ce6152b0 DEOPT UNPACKING pc=0x00000236b3bc23a3 sp=0x000000384f6fddc8 mode 2
Event: 102.187 Thread 0x00000236ce6152b0 Uncommon trap: trap_request=0xffffffde fr.pc=0x00000236bb65c6b8 relative=0x00000000000001b8
Event: 102.187 Thread 0x00000236ce6152b0 Uncommon trap: reason=class_check action=maybe_recompile pc=0x00000236bb65c6b8 method=java.lang.String.equals(Ljava/lang/Object;)Z @ 8 c2
Event: 102.187 Thread 0x00000236ce6152b0 DEOPT PACKING pc=0x00000236bb65c6b8 sp=0x000000384f6fde20
Event: 102.187 Thread 0x00000236ce6152b0 DEOPT UNPACKING pc=0x00000236b3bc23a3 sp=0x000000384f6fddc8 mode 2

Classes loaded (20 events):
Event: 102.214 Loading class java/awt/SecondaryLoop done
Event: 102.214 Loading class java/awt/WaitDispatchSupport done
Event: 102.214 Loading class java/awt/WaitDispatchSupport$5
Event: 102.214 Loading class java/awt/WaitDispatchSupport$5 done
Event: 102.214 Loading class java/awt/WaitDispatchSupport$1
Event: 102.214 Loading class java/awt/WaitDispatchSupport$1 done
Event: 102.214 Loading class java/awt/WaitDispatchSupport$2
Event: 102.214 Loading class java/awt/WaitDispatchSupport$2 done
Event: 102.214 Loading class java/awt/WaitDispatchSupport$4
Event: 102.214 Loading class java/awt/WaitDispatchSupport$4 done
Event: 102.217 Loading class sun/awt/image/BufImgSurfaceManager
Event: 102.217 Loading class sun/awt/image/BufImgSurfaceManager done
Event: 102.380 Loading class sun/awt/ModalExclude
Event: 102.380 Loading class sun/awt/ModalExclude done
Event: 103.061 Loading class java/awt/KeyboardFocusManager$2
Event: 103.061 Loading class java/awt/KeyboardFocusManager$2 done
Event: 103.061 Loading class sun/awt/SunToolkit$1
Event: 103.061 Loading class sun/awt/SunToolkit$1 done
Event: 103.067 Loading class java/awt/Window$1DisposeAction
Event: 103.067 Loading class java/awt/Window$1DisposeAction done

Classes unloaded (0 events):
No events

Classes redefined (0 events):
No events

Internal exceptions (16 events):
Event: 0.087 Thread 0x00000236aa14cfb0 Exception <a 'java/lang/ClassNotFoundException'{0x000000008a633758}: sun/awt/resources/spi/awtProvider> (0x000000008a633758) 
thrown [s\open\src\hotspot\share\classfile\systemDictionary.cpp, line 255]
Event: 0.118 Thread 0x00000236aa14cfb0 Exception <a 'java/io/FileNotFoundException'{0x000000008a692df0}> (0x000000008a692df0) 
thrown [s\open\src\hotspot\share\prims\jni.cpp, line 516]
Event: 0.123 Thread 0x00000236aa14cfb0 Exception <a 'java/io/FileNotFoundException'{0x000000008a6bfd98}> (0x000000008a6bfd98) 
thrown [s\open\src\hotspot\share\prims\jni.cpp, line 516]
Event: 0.172 Thread 0x00000236aa14cfb0 Exception <a 'java/lang/NoSuchMethodError'{0x000000008a500910}: 'java.lang.Object java.lang.invoke.DirectMethodHandle$Holder.invokeStaticInit(java.lang.Object)'> (0x000000008a500910) 
thrown [s\open\src\hotspot\share\interpreter\linkResolver.cpp, line 759]
Event: 0.248 Thread 0x00000236ce6152b0 Exception <a 'java/lang/NoSuchMethodError'{0x000000008a43f840}: 'void java.lang.invoke.DirectMethodHandle$Holder.invokeSpecial(java.lang.Object, java.lang.Object, java.lang.Object)'> (0x000000008a43f840) 
thrown [s\open\src\hotspot\share\interpreter\linkResolver.cpp, line 759]
Event: 0.259 Thread 0x00000236ce6152b0 Exception <a 'java/lang/NoSuchMethodError'{0x000000008a46a960}: 'java.lang.Object java.lang.invoke.DirectMethodHandle$Holder.newInvokeSpecial(java.lang.Object, java.lang.Object, java.lang.Object, java.lang.Object, java.lang.Object)'> (0x000000008a46a960) 
thrown [s\open\src\hotspot\share\interpreter\linkResolver.cpp, line 759]
Event: 0.268 Thread 0x00000236ce6152b0 Exception <a 'java/lang/NoSuchMethodError'{0x000000008a49c6c8}: 'java.lang.Object java.lang.invoke.DirectMethodHandle$Holder.invokeStatic(java.lang.Object, int, java.lang.Object)'> (0x000000008a49c6c8) 
thrown [s\open\src\hotspot\share\interpreter\linkResolver.cpp, line 759]
Event: 0.296 Thread 0x00000236ce6152b0 Exception <a 'java/lang/ClassNotFoundException'{0x000000008a359bc8}: com/sun/swing/internal/plaf/metal/resources/spi/metalProvider> (0x000000008a359bc8) 
thrown [s\open\src\hotspot\share\classfile\systemDictionary.cpp, line 255]
Event: 0.298 Thread 0x00000236ce6152b0 Exception <a 'java/lang/ClassNotFoundException'{0x000000008a35dc30}: com/sun/swing/internal/plaf/basic/resources/spi/basicProvider> (0x000000008a35dc30) 
thrown [s\open\src\hotspot\share\classfile\systemDictionary.cpp, line 255]
Event: 0.309 Thread 0x00000236ce6152b0 Exception <a 'java/lang/NoSuchMethodError'{0x000000008a37ed30}: 'int java.lang.invoke.Invokers$Holder.invokeExact_MT(java.lang.Object, java.lang.Object)'> (0x000000008a37ed30) 
thrown [s\open\src\hotspot\share\interpreter\linkResolver.cpp, line 759]
Event: 0.509 Thread 0x00000236ce612b40 Exception <a 'java/lang/NoSuchMethodError'{0x000000008a585b20}: 'void java.lang.invoke.DirectMethodHandle$Holder.invokeVirtual(java.lang.Object, java.lang.Object)'> (0x000000008a585b20) 
thrown [s\open\src\hotspot\share\interpreter\linkResolver.cpp, line 759]
Event: 0.540 Thread 0x00000236ce6152b0 Exception <a 'java/lang/NoSuchMethodError'{0x000000008a2721e8}: 'void java.lang.invoke.DirectMethodHandle$Holder.invokeStaticInit(java.lang.Object)'> (0x000000008a2721e8) 
thrown [s\open\src\hotspot\share\interpreter\linkResolver.cpp, line 759]
Event: 102.177 Thread 0x00000236ce6152b0 Implicit null exception at 0x00000236bb685920 to 0x00000236bb685a4d
Event: 102.181 Thread 0x00000236ce697350 Exception <a 'java/lang/NoSuchMethodError'{0x0000000089f83be0}: 'java.lang.Object java.lang.invoke.DirectMethodHandle$Holder.newInvokeSpecial(java.lang.Object, java.lang.Object, java.lang.Object, int, int, int, int, int)'> (0x0000000089f83be0) 
thrown [s\open\src\hotspot\share\interpreter\linkResolver.cpp, line 759]
Event: 102.199 Thread 0x00000236ce6152b0 Exception <a 'java/lang/NoSuchMethodError'{0x0000000089f68438}: 'void java.lang.invoke.DirectMethodHandle$Holder.invokeStatic(java.lang.Object, java.lang.Object)'> (0x0000000089f68438) 
thrown [s\open\src\hotspot\share\interpreter\linkResolver.cpp, line 759]
Event: 102.214 Thread 0x00000236ce6152b0 Exception <a 'java/lang/NoSuchMethodError'{0x0000000089ff43e0}: 'int java.lang.invoke.DirectMethodHandle$Holder.invokeStatic(java.lang.Object)'> (0x0000000089ff43e0) 
thrown [s\open\src\hotspot\share\interpreter\linkResolver.cpp, line 759]

VM Operations (20 events):
Event: 1.730 Executing VM operation: Cleanup
Event: 1.730 Executing VM operation: Cleanup done
Event: 2.743 Executing VM operation: Cleanup
Event: 2.743 Executing VM operation: Cleanup done
Event: 7.755 Executing VM operation: Cleanup
Event: 7.755 Executing VM operation: Cleanup done
Event: 8.757 Executing VM operation: Cleanup
Event: 8.757 Executing VM operation: Cleanup done
Event: 13.783 Executing VM operation: Cleanup
Event: 13.783 Executing VM operation: Cleanup done
Event: 14.789 Executing VM operation: Cleanup
Event: 14.789 Executing VM operation: Cleanup done
Event: 102.175 Executing VM operation: HandshakeAllThreads
Event: 102.175 Executing VM operation: HandshakeAllThreads done
Event: 102.175 Executing VM operation: Cleanup
Event: 102.175 Executing VM operation: Cleanup done
Event: 102.189 Executing VM operation: HandshakeAllThreads
Event: 102.189 Executing VM operation: HandshakeAllThreads done
Event: 103.193 Executing VM operation: Cleanup
Event: 103.193 Executing VM operation: Cleanup done

Events (20 events):
Event: 0.055 Thread 0x00000236ca332c60 Thread added: 0x00000236ca332c60
Event: 0.055 Thread 0x00000236ca333d30 Thread added: 0x00000236ca333d30
Event: 0.068 Thread 0x00000236ce5daa90 Thread added: 0x00000236ce5daa90
Event: 0.072 Thread 0x00000236ce5de1e0 Thread added: 0x00000236ce5de1e0
Event: 0.099 Loaded shared library C:\Program Files\Java\jdk-18.0.2.1\bin\jimage.dll
Event: 0.105 Loaded shared library C:\Program Files\Java\jdk-18.0.2.1\bin\awt.dll
Event: 0.173 Thread 0x00000236ce611ff0 Thread added: 0x00000236ce611ff0
Event: 0.174 Thread 0x00000236ce612680 Thread added: 0x00000236ce612680
Event: 0.176 Thread 0x00000236ce612b40 Thread added: 0x00000236ce612b40
Event: 0.188 Thread 0x00000236ce6152b0 Thread added: 0x00000236ce6152b0
Event: 0.189 Thread 0x00000236aa14cfb0 Thread exited: 0x00000236aa14cfb0
Event: 0.189 Thread 0x00000236aa14cfb0 Thread added: 0x00000236aa14cfb0
Event: 0.412 Loaded shared library C:\Program Files\Java\jdk-18.0.2.1\bin\freetype.dll
Event: 0.414 Loaded shared library C:\Program Files\Java\jdk-18.0.2.1\bin\fontmanager.dll
Event: 0.436 Loaded shared library C:\Program Files\Java\jdk-18.0.2.1\bin\net.dll
Event: 0.438 Loaded shared library C:\Program Files\Java\jdk-18.0.2.1\bin\nio.dll
Event: 0.456 Thread 0x00000236ce8fe900 Thread added: 0x00000236ce8fe900
Event: 102.178 Thread 0x00000236ce697350 Thread added: 0x00000236ce697350
Event: 102.180 Loaded shared library C:\Program Files\Java\jdk-18.0.2.1\bin\zip.dll
Event: 107.183 Thread 0x00000236ce697350 Thread exited: 0x00000236ce697350


Dynamic libraries:
0x00007ff6fdde0000 - 0x00007ff6fddf0000 	C:\Program Files\Java\jdk-18.0.2.1\bin\javaw.exe
0x00007ffd69840000 - 0x00007ffd69a49000 	C:\Windows\SYSTEM32\ntdll.dll
0x00007ffd67e10000 - 0x00007ffd67ece000 	C:\Windows\System32\KERNEL32.DLL
0x00007ffd67220000 - 0x00007ffd6759b000 	C:\Windows\System32\KERNELBASE.dll
0x00007ffd670d0000 - 0x00007ffd671e1000 	C:\Windows\System32\ucrtbase.dll
0x00007ffd3fc10000 - 0x00007ffd3fc2a000 	C:\Program Files\Java\jdk-18.0.2.1\bin\VCRUNTIME140.dll
0x00007ffd3fbf0000 - 0x00007ffd3fc08000 	C:\Program Files\Java\jdk-18.0.2.1\bin\jli.dll
0x00007ffd693b0000 - 0x00007ffd6945e000 	C:\Windows\System32\ADVAPI32.dll
0x00007ffd68e90000 - 0x00007ffd68f33000 	C:\Windows\System32\msvcrt.dll
0x00007ffd694a0000 - 0x00007ffd6953e000 	C:\Windows\System32\sechost.dll
0x00007ffd67780000 - 0x00007ffd678a0000 	C:\Windows\System32\RPCRT4.dll
0x00007ffd69580000 - 0x00007ffd6972d000 	C:\Windows\System32\USER32.dll
0x00007ffd4a920000 - 0x00007ffd4abc5000 	C:\Windows\WinSxS\amd64_microsoft.windows.common-controls_6595b64144ccf1df_6.0.22000.120_none_9d947278b86cc467\COMCTL32.dll
0x00007ffd671f0000 - 0x00007ffd67216000 	C:\Windows\System32\win32u.dll
0x00007ffd69550000 - 0x00007ffd69579000 	C:\Windows\System32\GDI32.dll
0x00007ffd66ef0000 - 0x00007ffd67008000 	C:\Windows\System32\gdi32full.dll
0x00007ffd67620000 - 0x00007ffd676bd000 	C:\Windows\System32\msvcp_win.dll
0x00007ffd60fa0000 - 0x00007ffd60faa000 	C:\Windows\SYSTEM32\VERSION.dll
0x00007ffd67740000 - 0x00007ffd67772000 	C:\Windows\System32\IMM32.DLL
0x00007ffd3fbe0000 - 0x00007ffd3fbec000 	C:\Program Files\Java\jdk-18.0.2.1\bin\vcruntime140_1.dll
0x00007ffd3d370000 - 0x00007ffd3d3fd000 	C:\Program Files\Java\jdk-18.0.2.1\bin\msvcp140.dll
0x00007ffc9baf0000 - 0x00007ffc9c701000 	C:\Program Files\Java\jdk-18.0.2.1\bin\server\jvm.dll
0x00007ffd69490000 - 0x00007ffd69498000 	C:\Windows\System32\PSAPI.DLL
0x00007ffd3d0b0000 - 0x00007ffd3d0b9000 	C:\Windows\SYSTEM32\WSOCK32.dll
0x00007ffd5f430000 - 0x00007ffd5f463000 	C:\Windows\SYSTEM32\WINMM.dll
0x00007ffd69790000 - 0x00007ffd697ff000 	C:\Windows\System32\WS2_32.dll
0x00007ffd65e40000 - 0x00007ffd65e58000 	C:\Windows\SYSTEM32\kernel.appcore.dll
0x00007ffd3cdc0000 - 0x00007ffd3cdca000 	C:\Program Files\Java\jdk-18.0.2.1\bin\jimage.dll
0x00007ffd647d0000 - 0x00007ffd649f1000 	C:\Windows\SYSTEM32\DBGHELP.DLL
0x00007ffd4e550000 - 0x00007ffd4e581000 	C:\Windows\SYSTEM32\dbgcore.DLL
0x00007ffd675a0000 - 0x00007ffd6761f000 	C:\Windows\System32\bcryptPrimitives.dll
0x00007ffcfd6a0000 - 0x00007ffcfd6c5000 	C:\Program Files\Java\jdk-18.0.2.1\bin\java.dll
0x00007ffc9f560000 - 0x00007ffc9f636000 	C:\Program Files\Java\jdk-18.0.2.1\bin\jsvml.dll
0x00007ffd68650000 - 0x00007ffd68e08000 	C:\Windows\System32\SHELL32.dll
0x00007ffd64dd0000 - 0x00007ffd65635000 	C:\Windows\SYSTEM32\windows.storage.dll
0x00007ffd68270000 - 0x00007ffd685e8000 	C:\Windows\System32\combase.dll
0x00007ffd64c60000 - 0x00007ffd64dc6000 	C:\Windows\SYSTEM32\wintypes.dll
0x00007ffd67ee0000 - 0x00007ffd67fca000 	C:\Windows\System32\SHCORE.dll
0x00007ffd685f0000 - 0x00007ffd6864d000 	C:\Windows\System32\shlwapi.dll
0x00007ffd66c40000 - 0x00007ffd66c61000 	C:\Windows\SYSTEM32\profapi.dll
0x00007ffd3bc30000 - 0x00007ffd3bdbf000 	C:\Program Files\Java\jdk-18.0.2.1\bin\awt.dll
0x00007ffd67fd0000 - 0x00007ffd680a6000 	C:\Windows\System32\OLEAUT32.dll
0x00007ffd63e30000 - 0x00007ffd63ec2000 	C:\Windows\SYSTEM32\apphelp.dll
0x00007ffd64000000 - 0x00007ffd640ac000 	C:\Windows\system32\uxtheme.dll
0x00007ffd67cf0000 - 0x00007ffd67e0d000 	C:\Windows\System32\MSCTF.dll
0x00007ffd67990000 - 0x00007ffd67b2a000 	C:\Windows\System32\ole32.dll
0x00007ffd64360000 - 0x00007ffd6438f000 	C:\Windows\system32\DWMAPI.DLL
0x00007ffd30ab0000 - 0x00007ffd30bb1000 	C:\Windows\system32\opengl32.dll
0x00007ffd3f740000 - 0x00007ffd3f76d000 	C:\Windows\SYSTEM32\GLU32.dll
0x00007ffd64110000 - 0x00007ffd64148000 	C:\Windows\SYSTEM32\dxcore.dll
0x00007ffd3d2e0000 - 0x00007ffd3d366000 	C:\Program Files\Java\jdk-18.0.2.1\bin\freetype.dll
0x00007ffd3bb80000 - 0x00007ffd3bc28000 	C:\Program Files\Java\jdk-18.0.2.1\bin\fontmanager.dll
0x00007ffd15930000 - 0x00007ffd15943000 	C:\Program Files\Java\jdk-18.0.2.1\bin\net.dll
0x00007ffd60e50000 - 0x00007ffd60f64000 	C:\Windows\SYSTEM32\WINHTTP.dll
0x00007ffd662e0000 - 0x00007ffd66347000 	C:\Windows\system32\mswsock.dll
0x00007ffcfe720000 - 0x00007ffcfe736000 	C:\Program Files\Java\jdk-18.0.2.1\bin\nio.dll
0x00007ffd67b30000 - 0x00007ffd67be5000 	C:\Windows\System32\clbcatq.dll
0x00007ffd5f770000 - 0x00007ffd5f91e000 	C:\Windows\SYSTEM32\WindowsCodecs.dll
0x00007ffd3e880000 - 0x00007ffd3e8dd000 	C:\Windows\system32\dataexchange.dll
0x00007ffd5ec90000 - 0x00007ffd5eef6000 	C:\Windows\system32\twinapi.appcore.dll
0x00007ffd4daa0000 - 0x00007ffd4dbcd000 	C:\Windows\SYSTEM32\textinputframework.dll
0x00007ffd63a40000 - 0x00007ffd63b71000 	C:\Windows\SYSTEM32\CoreMessaging.dll
0x00007ffd61310000 - 0x00007ffd6167d000 	C:\Windows\SYSTEM32\CoreUIComponents.dll
0x00007ffd66540000 - 0x00007ffd6654c000 	C:\Windows\SYSTEM32\CRYPTBASE.DLL
0x00007ffce2320000 - 0x00007ffce2338000 	C:\Program Files\Java\jdk-18.0.2.1\bin\zip.dll

dbghelp: loaded successfully - version: 4.0.5 - missing functions: none
symbol engine: initialized successfully - sym options: 0x614 - pdb path: .;C:\Program Files\Java\jdk-18.0.2.1\bin;C:\Windows\SYSTEM32;C:\Windows\WinSxS\amd64_microsoft.windows.common-controls_6595b64144ccf1df_6.0.22000.120_none_9d947278b86cc467;C:\Program Files\Java\jdk-18.0.2.1\bin\server

VM Arguments:
jvm_args: -Dfile.encoding=UTF-8 -XX:+ShowCodeDetailsInExceptionMessages 
java_command: programmePrincipal.ProgrammePrincipal
java_class_path (initial): C:\Users\Jonathan\Dropbox\PC\Desktop\GraphVille\Repositorio\src
Launcher Type: SUN_STANDARD

[Global flags]
     intx CICompilerCount                          = 4                                         {product} {ergonomic}
     uint ConcGCThreads                            = 2                                         {product} {ergonomic}
     uint G1ConcRefinementThreads                  = 8                                         {product} {ergonomic}
   size_t G1HeapRegionSize                         = 1048576                                   {product} {ergonomic}
    uintx GCDrainStackTargetSize                   = 64                                        {product} {ergonomic}
   size_t InitialHeapSize                          = 132120576                                 {product} {ergonomic}
   size_t MarkStackSize                            = 4194304                                   {product} {ergonomic}
   size_t MaxHeapSize                              = 2103443456                                {product} {ergonomic}
   size_t MaxNewSize                               = 1261436928                                {product} {ergonomic}
   size_t MinHeapDeltaBytes                        = 1048576                                   {product} {ergonomic}
   size_t MinHeapSize                              = 8388608                                   {product} {ergonomic}
    uintx NonNMethodCodeHeapSize                   = 5839372                                {pd product} {ergonomic}
    uintx NonProfiledCodeHeapSize                  = 122909434                              {pd product} {ergonomic}
    uintx ProfiledCodeHeapSize                     = 122909434                              {pd product} {ergonomic}
    uintx ReservedCodeCacheSize                    = 251658240                              {pd product} {ergonomic}
     bool SegmentedCodeCache                       = true                                      {product} {ergonomic}
     bool ShowCodeDetailsInExceptionMessages       = true                                   {manageable} {command line}
   size_t SoftMaxHeapSize                          = 2103443456                             {manageable} {ergonomic}
     bool UseCompressedClassPointers               = true                           {product lp64_product} {ergonomic}
     bool UseCompressedOops                        = true                           {product lp64_product} {ergonomic}
     bool UseG1GC                                  = true                                      {product} {ergonomic}
     bool UseLargePagesIndividualAllocation        = false                                  {pd product} {ergonomic}

Logging:
Log output configuration:
 #0: stdout all=warning uptime,level,tags foldmultilines=false
 #1: stderr all=off uptime,level,tags foldmultilines=false

Environment Variables:
PATH=C:/Program Files/Java/jdk-18.0.2.1/bin/server;C:/Program Files/Java/jdk-18.0.2.1/bin;C:\Program Files\Common Files\Oracle\Java\javapath;C:\Program Files (x86)\Common Files\Oracle\Java\javapath;C:\Windows\system32;C:\Windows;C:\Windows\System32\Wbem;C:\Windows\System32\WindowsPowerShell\v1.0\;C:\Windows\System32\OpenSSH\;C:\Program Files (x86)\NVIDIA Corporation\PhysX\Common;C:\Program Files\NVIDIA Corporation\NVIDIA NvDLISR;C:\Program Files (x86)\Windows Kits\8.1\Windows Performance Toolkit\;C:\Users\Jonathan\AppData\Local\Microsoft\WindowsApps;C:\Users\Jonathan\Dropbox\PC\Desktop;
USERNAME=Jonathan
OS=Windows_NT
PROCESSOR_IDENTIFIER=Intel64 Family 6 Model 165 Stepping 2, GenuineIntel



---------------  S Y S T E M  ---------------

OS:
 Windows 11 , 64 bit Build 22000 (10.0.22000.1219)
OS uptime: 0 days 8:58 hours
Hyper-V role detected

CPU: total 8 (initial active 8) (4 cores per cpu, 2 threads per core) family 6 model 165 stepping 2 microcode 0xe2, cx8, cmov, fxsr, ht, mmx, 3dnowpref, sse, sse2, sse3, ssse3, sse4.1, sse4.2, popcnt, lzcnt, tsc, tscinvbit, avx, avx2, aes, erms, clmul, bmi1, bmi2, adx, fma, vzeroupper, clflush, clflushopt, hv

Memory: 4k page, system-wide physical 8023M (237M free)
TotalPageFile size 32599M (AvailPageFile size 12M)
current process WorkingSet (physical memory assigned to process): 12M, peak: 90M
current process commit charge ("private bytes"): 237M, peak: 243M

vm_info: Java HotSpot(TM) 64-Bit Server VM (18.0.2.1+1-1) for windows-amd64 JRE (18.0.2.1+1-1), built on Aug 16 2022 01:46:33 by "mach5one" with MS VC++ 16.8 / 16.9 (VS2019)

END.
