#
# There is insufficient memory for the Java Runtime Environment to continue.
# Native memory allocation (malloc) failed to allocate 35920 bytes for Chunk::new
# Possible reasons:
#   The system is out of physical RAM or swap space
#   The process is running with CompressedOops enabled, and the Java Heap may be blocking the growth of the native heap
# Possible solutions:
#   Reduce memory load on the system
#   Increase physical memory or swap space
#   Check if swap backing store is full
#   Decrease Java heap size (-Xmx/-Xms)
#   Decrease number of Java threads
#   Decrease Java thread stack sizes (-Xss)
#   Set larger code cache with -XX:ReservedCodeCacheSize=
#   JVM is running with Unscaled Compressed Oops mode in which the Java heap is
#     placed in the first 4GB address space. The Java Heap base address is the
#     maximum limit for the native heap growth. Please use -XX:HeapBaseMinAddress
#     to set the Java Heap base and to place the Java Heap above 4GB virtual address.
# This output file may be truncated or incomplete.
#
#  Out of Memory Error (arena.cpp:184), pid=15700, tid=8508
#
# JRE version: Java(TM) SE Runtime Environment (18.0.2.1+1) (build 18.0.2.1+1-1)
# Java VM: Java HotSpot(TM) 64-Bit Server VM (18.0.2.1+1-1, mixed mode, sharing, tiered, compressed oops, compressed class ptrs, g1 gc, windows-amd64)
# No core dump will be written. Minidumps are not enabled by default on client versions of Windows
#

---------------  S U M M A R Y ------------

Command Line: -Dfile.encoding=UTF-8 -XX:+ShowCodeDetailsInExceptionMessages programmePrincipal.ProgrammePrincipal

Host: Intel(R) Core(TM) i5-10300H CPU @ 2.50GHz, 8 cores, 7G,  Windows 11 , 64 bit Build 22000 (10.0.22000.1219)
Time: Sat Dec  3 00:20:51 2022 Est elapsed time: 16642.324537 seconds (0d 4h 37m 22s)

---------------  T H R E A D  ---------------

Current thread (0x0000027c7933b570):  JavaThread "C2 CompilerThread0" daemon [_thread_in_native, id=8508, stack(0x0000008f78d00000,0x0000008f78e00000)]


Current CompileTask:
C2:16642329 1048       4       java.util.Arrays::binarySearch (10 bytes)

Stack: [0x0000008f78d00000,0x0000008f78e00000]
Native frames: (J=compiled Java code, j=interpreted, Vv=VM code, C=native code)
V  [jvm.dll+0x6993aa]
V  [jvm.dll+0x7f46dd]
V  [jvm.dll+0x7f5fee]
V  [jvm.dll+0x7f66a3]
V  [jvm.dll+0x25cf1f]
V  [jvm.dll+0xb8c2f]
V  [jvm.dll+0xb8fa5]
V  [jvm.dll+0x3860cb]
V  [jvm.dll+0x34fe71]
V  [jvm.dll+0x34f30a]
V  [jvm.dll+0x230101]
V  [jvm.dll+0x22f4d1]
V  [jvm.dll+0x1ba01c]
V  [jvm.dll+0x23ee0a]
V  [jvm.dll+0x23d0f5]
V  [jvm.dll+0x7a6dd1]
V  [jvm.dll+0x7a120a]
V  [jvm.dll+0x698255]
C  [ucrtbase.dll+0x26c0c]
C  [KERNEL32.DLL+0x15550]
C  [ntdll.dll+0x485b]


---------------  P R O C E S S  ---------------

Threads class SMR info:
_java_thread_list=0x0000027c7e4a6510, length=16, elements={
0x0000027c7930c120, 0x0000027c7930ead0, 0x0000027c7932b6a0, 0x0000027c7932c040,
0x0000027c7932e9f0, 0x0000027c7932f390, 0x0000027c7933b570, 0x0000027c7933bf50,
0x0000027c7934d0f0, 0x0000027c7d5cd450, 0x0000027c7d5d1590, 0x0000027c7d7c8bf0,
0x0000027c7d7d1c20, 0x0000027c7d7d20e0, 0x0000027c7d7d0510, 0x0000027c6a240720
}

Java Threads: ( => current thread )
  0x0000027c7930c120 JavaThread "Reference Handler" daemon [_thread_blocked, id=19400, stack(0x0000008f78700000,0x0000008f78800000)]
  0x0000027c7930ead0 JavaThread "Finalizer" daemon [_thread_blocked, id=15800, stack(0x0000008f78800000,0x0000008f78900000)]
  0x0000027c7932b6a0 JavaThread "Signal Dispatcher" daemon [_thread_blocked, id=17960, stack(0x0000008f78900000,0x0000008f78a00000)]
  0x0000027c7932c040 JavaThread "Attach Listener" daemon [_thread_blocked, id=3452, stack(0x0000008f78a00000,0x0000008f78b00000)]
  0x0000027c7932e9f0 JavaThread "Service Thread" daemon [_thread_blocked, id=17656, stack(0x0000008f78b00000,0x0000008f78c00000)]
  0x0000027c7932f390 JavaThread "Monitor Deflation Thread" daemon [_thread_blocked, id=4200, stack(0x0000008f78c00000,0x0000008f78d00000)]
=>0x0000027c7933b570 JavaThread "C2 CompilerThread0" daemon [_thread_in_native, id=8508, stack(0x0000008f78d00000,0x0000008f78e00000)]
  0x0000027c7933bf50 JavaThread "C1 CompilerThread0" daemon [_thread_in_vm, id=7972, stack(0x0000008f78e00000,0x0000008f78f00000)]
  0x0000027c7934d0f0 JavaThread "Sweeper thread" daemon [_thread_blocked, id=16092, stack(0x0000008f78f00000,0x0000008f79000000)]
  0x0000027c7d5cd450 JavaThread "Notification Thread" daemon [_thread_blocked, id=11820, stack(0x0000008f79000000,0x0000008f79100000)]
  0x0000027c7d5d1590 JavaThread "Common-Cleaner" daemon [_thread_blocked, id=8928, stack(0x0000008f79200000,0x0000008f79300000)]
  0x0000027c7d7c8bf0 JavaThread "Java2D Disposer" daemon [_thread_blocked, id=16756, stack(0x0000008f79300000,0x0000008f79400000)]
  0x0000027c7d7d1c20 JavaThread "AWT-Shutdown" [_thread_blocked, id=20644, stack(0x0000008f79400000,0x0000008f79500000)]
  0x0000027c7d7d20e0 JavaThread "AWT-Windows" daemon [_thread_in_native, id=15868, stack(0x0000008f79500000,0x0000008f79600000)]
  0x0000027c7d7d0510 JavaThread "AWT-EventQueue-0" [_thread_blocked, id=21156, stack(0x0000008f79600000,0x0000008f79700000)]
  0x0000027c6a240720 JavaThread "DestroyJavaVM" [_thread_blocked, id=13944, stack(0x0000008f78000000,0x0000008f78100000)]

Other Threads:
  0x0000027c793098c0 VMThread "VM Thread" [stack: 0x0000008f78600000,0x0000008f78700000] [id=12748]
  0x0000027c7d5d0550 WatcherThread "VM Periodic Task Thread" [stack: 0x0000008f79100000,0x0000008f79200000] [id=7596]
  0x0000027c6a2a24a0 WorkerThread "GC Thread#0" [stack: 0x0000008f78100000,0x0000008f78200000] [id=5228]
  0x0000027c6a2b3690 ConcurrentGCThread "G1 Main Marker" [stack: 0x0000008f78200000,0x0000008f78300000] [id=20808]
  0x0000027c6a2b3f80 WorkerThread "G1 Conc#0" [stack: 0x0000008f78300000,0x0000008f78400000] [id=12940]
  0x0000027c6a301780 ConcurrentGCThread "G1 Refine#0" [stack: 0x0000008f78400000,0x0000008f78500000] [id=18792]
  0x0000027c6a302f40 ConcurrentGCThread "G1 Service" [stack: 0x0000008f78500000,0x0000008f78600000] [id=13960]

Threads with active compile tasks:
C2 CompilerThread0  16642545 1048       4       java.util.Arrays::binarySearch (10 bytes)
C1 CompilerThread0  16642545 1055       3       sun.swing.SwingUtilities2::isScaleChanged (16 bytes)

VM state: synchronizing (normal execution)

VM Mutex/Monitor currently owned by a thread:  ([mutex/lock_event])
[0x0000027c6a23bab0] Threads_lock - owner thread: 0x0000027c793098c0

Heap address: 0x0000000082a00000, size: 2006 MB, Compressed Oops mode: 32-bit

CDS archive(s) mapped at: [0x0000000800000000-0x0000000800ba0000-0x0000000800ba0000), size 12189696, SharedBaseAddress: 0x0000000800000000, ArchiveRelocationMode: 0.
Compressed class space mapped at: 0x0000000800c00000-0x0000000840c00000, reserved size: 1073741824
Narrow klass base: 0x0000000800000000, Narrow klass shift: 0, Narrow klass range: 0x100000000

GC Precious Log:
 CardTable entry size: 512
 Card Set container configuration: InlinePtr #cards 5 size 8 Array Of Cards #cards 12 size 40 Howl #buckets 4 coarsen threshold 1843 Howl Bitmap #cards 512 size 80 coarsen threshold 460 Card regions per heap region 1 cards per card region 2048
 CPUs: 8 total, 8 available
 Memory: 8023M
 Large Page Support: Disabled
 NUMA Support: Disabled
 Compressed Oops: Enabled (32-bit)
 Heap Region Size: 1M
 Heap Min Capacity: 8M
 Heap Initial Capacity: 126M
 Heap Max Capacity: 2006M
 Pre-touch: Disabled
 Parallel Workers: 8
 Concurrent Workers: 2
 Concurrent Refinement Workers: 8
 Periodic GC: Disabled

Heap:
 garbage-first heap   total 129024K, used 15360K [0x0000000082a00000, 0x0000000100000000)
  region size 1024K, 8 young (8192K), 0 survivors (0K)
 Metaspace       used 9643K, committed 9920K, reserved 1114112K
  class space    used 1155K, committed 1280K, reserved 1048576K

Heap Regions: E=young(eden), S=young(survivor), O=old, HS=humongous(starts), HC=humongous(continues), CS=collection set, F=free, OA=open archive, CA=closed archive, TAMS=top-at-mark-start (previous, next)
|   0|0x0000000082a00000, 0x0000000082b00000, 0x0000000082b00000|100%|HS|  |TAMS 0x0000000082a00000, 0x0000000082a00000| Complete 
|   1|0x0000000082b00000, 0x0000000082c00000, 0x0000000082c00000|100%|HC|  |TAMS 0x0000000082b00000, 0x0000000082b00000| Complete 
|   2|0x0000000082c00000, 0x0000000082d00000, 0x0000000082d00000|100%|HC|  |TAMS 0x0000000082c00000, 0x0000000082c00000| Complete 
|   3|0x0000000082d00000, 0x0000000082e00000, 0x0000000082e00000|100%|HC|  |TAMS 0x0000000082d00000, 0x0000000082d00000| Complete 
|   4|0x0000000082e00000, 0x0000000082f00000, 0x0000000082f00000|100%|HC|  |TAMS 0x0000000082e00000, 0x0000000082e00000| Complete 
|   5|0x0000000082f00000, 0x0000000083000000, 0x0000000083000000|100%|HC|  |TAMS 0x0000000082f00000, 0x0000000082f00000| Complete 
|   6|0x0000000083000000, 0x0000000083100000, 0x0000000083100000|100%|HC|  |TAMS 0x0000000083000000, 0x0000000083000000| Complete 
|   7|0x0000000083100000, 0x0000000083200000, 0x0000000083200000|100%|HC|  |TAMS 0x0000000083100000, 0x0000000083100000| Complete 
|   8|0x0000000083200000, 0x0000000083200000, 0x0000000083300000|  0%| F|  |TAMS 0x0000000083200000, 0x0000000083200000| Untracked 
|   9|0x0000000083300000, 0x0000000083300000, 0x0000000083400000|  0%| F|  |TAMS 0x0000000083300000, 0x0000000083300000| Untracked 
|  10|0x0000000083400000, 0x0000000083400000, 0x0000000083500000|  0%| F|  |TAMS 0x0000000083400000, 0x0000000083400000| Untracked 
|  11|0x0000000083500000, 0x0000000083500000, 0x0000000083600000|  0%| F|  |TAMS 0x0000000083500000, 0x0000000083500000| Untracked 
|  12|0x0000000083600000, 0x0000000083600000, 0x0000000083700000|  0%| F|  |TAMS 0x0000000083600000, 0x0000000083600000| Untracked 
|  13|0x0000000083700000, 0x0000000083700000, 0x0000000083800000|  0%| F|  |TAMS 0x0000000083700000, 0x0000000083700000| Untracked 
|  14|0x0000000083800000, 0x0000000083800000, 0x0000000083900000|  0%| F|  |TAMS 0x0000000083800000, 0x0000000083800000| Untracked 
|  15|0x0000000083900000, 0x0000000083900000, 0x0000000083a00000|  0%| F|  |TAMS 0x0000000083900000, 0x0000000083900000| Untracked 
|  16|0x0000000083a00000, 0x0000000083a00000, 0x0000000083b00000|  0%| F|  |TAMS 0x0000000083a00000, 0x0000000083a00000| Untracked 
|  17|0x0000000083b00000, 0x0000000083b00000, 0x0000000083c00000|  0%| F|  |TAMS 0x0000000083b00000, 0x0000000083b00000| Untracked 
|  18|0x0000000083c00000, 0x0000000083c00000, 0x0000000083d00000|  0%| F|  |TAMS 0x0000000083c00000, 0x0000000083c00000| Untracked 
|  19|0x0000000083d00000, 0x0000000083d00000, 0x0000000083e00000|  0%| F|  |TAMS 0x0000000083d00000, 0x0000000083d00000| Untracked 
|  20|0x0000000083e00000, 0x0000000083e00000, 0x0000000083f00000|  0%| F|  |TAMS 0x0000000083e00000, 0x0000000083e00000| Untracked 
|  21|0x0000000083f00000, 0x0000000083f00000, 0x0000000084000000|  0%| F|  |TAMS 0x0000000083f00000, 0x0000000083f00000| Untracked 
|  22|0x0000000084000000, 0x0000000084000000, 0x0000000084100000|  0%| F|  |TAMS 0x0000000084000000, 0x0000000084000000| Untracked 
|  23|0x0000000084100000, 0x0000000084100000, 0x0000000084200000|  0%| F|  |TAMS 0x0000000084100000, 0x0000000084100000| Untracked 
|  24|0x0000000084200000, 0x0000000084200000, 0x0000000084300000|  0%| F|  |TAMS 0x0000000084200000, 0x0000000084200000| Untracked 
|  25|0x0000000084300000, 0x0000000084300000, 0x0000000084400000|  0%| F|  |TAMS 0x0000000084300000, 0x0000000084300000| Untracked 
|  26|0x0000000084400000, 0x0000000084400000, 0x0000000084500000|  0%| F|  |TAMS 0x0000000084400000, 0x0000000084400000| Untracked 
|  27|0x0000000084500000, 0x0000000084500000, 0x0000000084600000|  0%| F|  |TAMS 0x0000000084500000, 0x0000000084500000| Untracked 
|  28|0x0000000084600000, 0x0000000084600000, 0x0000000084700000|  0%| F|  |TAMS 0x0000000084600000, 0x0000000084600000| Untracked 
|  29|0x0000000084700000, 0x0000000084700000, 0x0000000084800000|  0%| F|  |TAMS 0x0000000084700000, 0x0000000084700000| Untracked 
|  30|0x0000000084800000, 0x0000000084800000, 0x0000000084900000|  0%| F|  |TAMS 0x0000000084800000, 0x0000000084800000| Untracked 
|  31|0x0000000084900000, 0x0000000084900000, 0x0000000084a00000|  0%| F|  |TAMS 0x0000000084900000, 0x0000000084900000| Untracked 
|  32|0x0000000084a00000, 0x0000000084a00000, 0x0000000084b00000|  0%| F|  |TAMS 0x0000000084a00000, 0x0000000084a00000| Untracked 
|  33|0x0000000084b00000, 0x0000000084b00000, 0x0000000084c00000|  0%| F|  |TAMS 0x0000000084b00000, 0x0000000084b00000| Untracked 
|  34|0x0000000084c00000, 0x0000000084c00000, 0x0000000084d00000|  0%| F|  |TAMS 0x0000000084c00000, 0x0000000084c00000| Untracked 
|  35|0x0000000084d00000, 0x0000000084d00000, 0x0000000084e00000|  0%| F|  |TAMS 0x0000000084d00000, 0x0000000084d00000| Untracked 
|  36|0x0000000084e00000, 0x0000000084e00000, 0x0000000084f00000|  0%| F|  |TAMS 0x0000000084e00000, 0x0000000084e00000| Untracked 
|  37|0x0000000084f00000, 0x0000000084f00000, 0x0000000085000000|  0%| F|  |TAMS 0x0000000084f00000, 0x0000000084f00000| Untracked 
|  38|0x0000000085000000, 0x0000000085000000, 0x0000000085100000|  0%| F|  |TAMS 0x0000000085000000, 0x0000000085000000| Untracked 
|  39|0x0000000085100000, 0x0000000085100000, 0x0000000085200000|  0%| F|  |TAMS 0x0000000085100000, 0x0000000085100000| Untracked 
|  40|0x0000000085200000, 0x0000000085200000, 0x0000000085300000|  0%| F|  |TAMS 0x0000000085200000, 0x0000000085200000| Untracked 
|  41|0x0000000085300000, 0x0000000085300000, 0x0000000085400000|  0%| F|  |TAMS 0x0000000085300000, 0x0000000085300000| Untracked 
|  42|0x0000000085400000, 0x0000000085400000, 0x0000000085500000|  0%| F|  |TAMS 0x0000000085400000, 0x0000000085400000| Untracked 
|  43|0x0000000085500000, 0x0000000085500000, 0x0000000085600000|  0%| F|  |TAMS 0x0000000085500000, 0x0000000085500000| Untracked 
|  44|0x0000000085600000, 0x0000000085600000, 0x0000000085700000|  0%| F|  |TAMS 0x0000000085600000, 0x0000000085600000| Untracked 
|  45|0x0000000085700000, 0x0000000085700000, 0x0000000085800000|  0%| F|  |TAMS 0x0000000085700000, 0x0000000085700000| Untracked 
|  46|0x0000000085800000, 0x0000000085800000, 0x0000000085900000|  0%| F|  |TAMS 0x0000000085800000, 0x0000000085800000| Untracked 
|  47|0x0000000085900000, 0x0000000085900000, 0x0000000085a00000|  0%| F|  |TAMS 0x0000000085900000, 0x0000000085900000| Untracked 
|  48|0x0000000085a00000, 0x0000000085a00000, 0x0000000085b00000|  0%| F|  |TAMS 0x0000000085a00000, 0x0000000085a00000| Untracked 
|  49|0x0000000085b00000, 0x0000000085b00000, 0x0000000085c00000|  0%| F|  |TAMS 0x0000000085b00000, 0x0000000085b00000| Untracked 
|  50|0x0000000085c00000, 0x0000000085c00000, 0x0000000085d00000|  0%| F|  |TAMS 0x0000000085c00000, 0x0000000085c00000| Untracked 
|  51|0x0000000085d00000, 0x0000000085d00000, 0x0000000085e00000|  0%| F|  |TAMS 0x0000000085d00000, 0x0000000085d00000| Untracked 
|  52|0x0000000085e00000, 0x0000000085e00000, 0x0000000085f00000|  0%| F|  |TAMS 0x0000000085e00000, 0x0000000085e00000| Untracked 
|  53|0x0000000085f00000, 0x0000000085f00000, 0x0000000086000000|  0%| F|  |TAMS 0x0000000085f00000, 0x0000000085f00000| Untracked 
|  54|0x0000000086000000, 0x0000000086000000, 0x0000000086100000|  0%| F|  |TAMS 0x0000000086000000, 0x0000000086000000| Untracked 
|  55|0x0000000086100000, 0x0000000086100000, 0x0000000086200000|  0%| F|  |TAMS 0x0000000086100000, 0x0000000086100000| Untracked 
|  56|0x0000000086200000, 0x0000000086200000, 0x0000000086300000|  0%| F|  |TAMS 0x0000000086200000, 0x0000000086200000| Untracked 
|  57|0x0000000086300000, 0x0000000086300000, 0x0000000086400000|  0%| F|  |TAMS 0x0000000086300000, 0x0000000086300000| Untracked 
|  58|0x0000000086400000, 0x0000000086400000, 0x0000000086500000|  0%| F|  |TAMS 0x0000000086400000, 0x0000000086400000| Untracked 
|  59|0x0000000086500000, 0x0000000086500000, 0x0000000086600000|  0%| F|  |TAMS 0x0000000086500000, 0x0000000086500000| Untracked 
|  60|0x0000000086600000, 0x0000000086600000, 0x0000000086700000|  0%| F|  |TAMS 0x0000000086600000, 0x0000000086600000| Untracked 
|  61|0x0000000086700000, 0x0000000086700000, 0x0000000086800000|  0%| F|  |TAMS 0x0000000086700000, 0x0000000086700000| Untracked 
|  62|0x0000000086800000, 0x0000000086800000, 0x0000000086900000|  0%| F|  |TAMS 0x0000000086800000, 0x0000000086800000| Untracked 
|  63|0x0000000086900000, 0x0000000086900000, 0x0000000086a00000|  0%| F|  |TAMS 0x0000000086900000, 0x0000000086900000| Untracked 
|  64|0x0000000086a00000, 0x0000000086a00000, 0x0000000086b00000|  0%| F|  |TAMS 0x0000000086a00000, 0x0000000086a00000| Untracked 
|  65|0x0000000086b00000, 0x0000000086b00000, 0x0000000086c00000|  0%| F|  |TAMS 0x0000000086b00000, 0x0000000086b00000| Untracked 
|  66|0x0000000086c00000, 0x0000000086c00000, 0x0000000086d00000|  0%| F|  |TAMS 0x0000000086c00000, 0x0000000086c00000| Untracked 
|  67|0x0000000086d00000, 0x0000000086d00000, 0x0000000086e00000|  0%| F|  |TAMS 0x0000000086d00000, 0x0000000086d00000| Untracked 
|  68|0x0000000086e00000, 0x0000000086e00000, 0x0000000086f00000|  0%| F|  |TAMS 0x0000000086e00000, 0x0000000086e00000| Untracked 
|  69|0x0000000086f00000, 0x0000000086f00000, 0x0000000087000000|  0%| F|  |TAMS 0x0000000086f00000, 0x0000000086f00000| Untracked 
|  70|0x0000000087000000, 0x0000000087000000, 0x0000000087100000|  0%| F|  |TAMS 0x0000000087000000, 0x0000000087000000| Untracked 
|  71|0x0000000087100000, 0x0000000087100000, 0x0000000087200000|  0%| F|  |TAMS 0x0000000087100000, 0x0000000087100000| Untracked 
|  72|0x0000000087200000, 0x0000000087200000, 0x0000000087300000|  0%| F|  |TAMS 0x0000000087200000, 0x0000000087200000| Untracked 
|  73|0x0000000087300000, 0x0000000087300000, 0x0000000087400000|  0%| F|  |TAMS 0x0000000087300000, 0x0000000087300000| Untracked 
|  74|0x0000000087400000, 0x0000000087400000, 0x0000000087500000|  0%| F|  |TAMS 0x0000000087400000, 0x0000000087400000| Untracked 
|  75|0x0000000087500000, 0x0000000087500000, 0x0000000087600000|  0%| F|  |TAMS 0x0000000087500000, 0x0000000087500000| Untracked 
|  76|0x0000000087600000, 0x0000000087600000, 0x0000000087700000|  0%| F|  |TAMS 0x0000000087600000, 0x0000000087600000| Untracked 
|  77|0x0000000087700000, 0x0000000087700000, 0x0000000087800000|  0%| F|  |TAMS 0x0000000087700000, 0x0000000087700000| Untracked 
|  78|0x0000000087800000, 0x0000000087800000, 0x0000000087900000|  0%| F|  |TAMS 0x0000000087800000, 0x0000000087800000| Untracked 
|  79|0x0000000087900000, 0x0000000087900000, 0x0000000087a00000|  0%| F|  |TAMS 0x0000000087900000, 0x0000000087900000| Untracked 
|  80|0x0000000087a00000, 0x0000000087a00000, 0x0000000087b00000|  0%| F|  |TAMS 0x0000000087a00000, 0x0000000087a00000| Untracked 
|  81|0x0000000087b00000, 0x0000000087b00000, 0x0000000087c00000|  0%| F|  |TAMS 0x0000000087b00000, 0x0000000087b00000| Untracked 
|  82|0x0000000087c00000, 0x0000000087c00000, 0x0000000087d00000|  0%| F|  |TAMS 0x0000000087c00000, 0x0000000087c00000| Untracked 
|  83|0x0000000087d00000, 0x0000000087d00000, 0x0000000087e00000|  0%| F|  |TAMS 0x0000000087d00000, 0x0000000087d00000| Untracked 
|  84|0x0000000087e00000, 0x0000000087e00000, 0x0000000087f00000|  0%| F|  |TAMS 0x0000000087e00000, 0x0000000087e00000| Untracked 
|  85|0x0000000087f00000, 0x0000000087f00000, 0x0000000088000000|  0%| F|  |TAMS 0x0000000087f00000, 0x0000000087f00000| Untracked 
|  86|0x0000000088000000, 0x0000000088000000, 0x0000000088100000|  0%| F|  |TAMS 0x0000000088000000, 0x0000000088000000| Untracked 
|  87|0x0000000088100000, 0x0000000088100000, 0x0000000088200000|  0%| F|  |TAMS 0x0000000088100000, 0x0000000088100000| Untracked 
|  88|0x0000000088200000, 0x0000000088200000, 0x0000000088300000|  0%| F|  |TAMS 0x0000000088200000, 0x0000000088200000| Untracked 
|  89|0x0000000088300000, 0x0000000088300000, 0x0000000088400000|  0%| F|  |TAMS 0x0000000088300000, 0x0000000088300000| Untracked 
|  90|0x0000000088400000, 0x0000000088400000, 0x0000000088500000|  0%| F|  |TAMS 0x0000000088400000, 0x0000000088400000| Untracked 
|  91|0x0000000088500000, 0x0000000088500000, 0x0000000088600000|  0%| F|  |TAMS 0x0000000088500000, 0x0000000088500000| Untracked 
|  92|0x0000000088600000, 0x0000000088600000, 0x0000000088700000|  0%| F|  |TAMS 0x0000000088600000, 0x0000000088600000| Untracked 
|  93|0x0000000088700000, 0x0000000088700000, 0x0000000088800000|  0%| F|  |TAMS 0x0000000088700000, 0x0000000088700000| Untracked 
|  94|0x0000000088800000, 0x0000000088800000, 0x0000000088900000|  0%| F|  |TAMS 0x0000000088800000, 0x0000000088800000| Untracked 
|  95|0x0000000088900000, 0x0000000088900000, 0x0000000088a00000|  0%| F|  |TAMS 0x0000000088900000, 0x0000000088900000| Untracked 
|  96|0x0000000088a00000, 0x0000000088a00000, 0x0000000088b00000|  0%| F|  |TAMS 0x0000000088a00000, 0x0000000088a00000| Untracked 
|  97|0x0000000088b00000, 0x0000000088b00000, 0x0000000088c00000|  0%| F|  |TAMS 0x0000000088b00000, 0x0000000088b00000| Untracked 
|  98|0x0000000088c00000, 0x0000000088c00000, 0x0000000088d00000|  0%| F|  |TAMS 0x0000000088c00000, 0x0000000088c00000| Untracked 
|  99|0x0000000088d00000, 0x0000000088d00000, 0x0000000088e00000|  0%| F|  |TAMS 0x0000000088d00000, 0x0000000088d00000| Untracked 
| 100|0x0000000088e00000, 0x0000000088e00000, 0x0000000088f00000|  0%| F|  |TAMS 0x0000000088e00000, 0x0000000088e00000| Untracked 
| 101|0x0000000088f00000, 0x0000000088f00000, 0x0000000089000000|  0%| F|  |TAMS 0x0000000088f00000, 0x0000000088f00000| Untracked 
| 102|0x0000000089000000, 0x0000000089000000, 0x0000000089100000|  0%| F|  |TAMS 0x0000000089000000, 0x0000000089000000| Untracked 
| 103|0x0000000089100000, 0x0000000089100000, 0x0000000089200000|  0%| F|  |TAMS 0x0000000089100000, 0x0000000089100000| Untracked 
| 104|0x0000000089200000, 0x0000000089200000, 0x0000000089300000|  0%| F|  |TAMS 0x0000000089200000, 0x0000000089200000| Untracked 
| 105|0x0000000089300000, 0x0000000089300000, 0x0000000089400000|  0%| F|  |TAMS 0x0000000089300000, 0x0000000089300000| Untracked 
| 106|0x0000000089400000, 0x0000000089400000, 0x0000000089500000|  0%| F|  |TAMS 0x0000000089400000, 0x0000000089400000| Untracked 
| 107|0x0000000089500000, 0x0000000089500000, 0x0000000089600000|  0%| F|  |TAMS 0x0000000089500000, 0x0000000089500000| Untracked 
| 108|0x0000000089600000, 0x0000000089600000, 0x0000000089700000|  0%| F|  |TAMS 0x0000000089600000, 0x0000000089600000| Untracked 
| 109|0x0000000089700000, 0x0000000089700000, 0x0000000089800000|  0%| F|  |TAMS 0x0000000089700000, 0x0000000089700000| Untracked 
| 110|0x0000000089800000, 0x0000000089800000, 0x0000000089900000|  0%| F|  |TAMS 0x0000000089800000, 0x0000000089800000| Untracked 
| 111|0x0000000089900000, 0x0000000089900000, 0x0000000089a00000|  0%| F|  |TAMS 0x0000000089900000, 0x0000000089900000| Untracked 
| 112|0x0000000089a00000, 0x0000000089a00000, 0x0000000089b00000|  0%| F|  |TAMS 0x0000000089a00000, 0x0000000089a00000| Untracked 
| 113|0x0000000089b00000, 0x0000000089b00000, 0x0000000089c00000|  0%| F|  |TAMS 0x0000000089b00000, 0x0000000089b00000| Untracked 
| 114|0x0000000089c00000, 0x0000000089c00000, 0x0000000089d00000|  0%| F|  |TAMS 0x0000000089c00000, 0x0000000089c00000| Untracked 
| 115|0x0000000089d00000, 0x0000000089d00000, 0x0000000089e00000|  0%| F|  |TAMS 0x0000000089d00000, 0x0000000089d00000| Untracked 
| 116|0x0000000089e00000, 0x0000000089e00000, 0x0000000089f00000|  0%| F|  |TAMS 0x0000000089e00000, 0x0000000089e00000| Untracked 
| 117|0x0000000089f00000, 0x0000000089f00000, 0x000000008a000000|  0%| F|  |TAMS 0x0000000089f00000, 0x0000000089f00000| Untracked 
| 118|0x000000008a000000, 0x000000008a0ec870, 0x000000008a100000| 92%| E|  |TAMS 0x000000008a000000, 0x000000008a000000| Complete 
| 119|0x000000008a100000, 0x000000008a200000, 0x000000008a200000|100%| E|CS|TAMS 0x000000008a100000, 0x000000008a100000| Complete 
| 120|0x000000008a200000, 0x000000008a300000, 0x000000008a300000|100%| E|CS|TAMS 0x000000008a200000, 0x000000008a200000| Complete 
| 121|0x000000008a300000, 0x000000008a400000, 0x000000008a400000|100%| E|CS|TAMS 0x000000008a300000, 0x000000008a300000| Complete 
| 122|0x000000008a400000, 0x000000008a500000, 0x000000008a500000|100%| E|CS|TAMS 0x000000008a400000, 0x000000008a400000| Complete 
| 123|0x000000008a500000, 0x000000008a600000, 0x000000008a600000|100%| E|CS|TAMS 0x000000008a500000, 0x000000008a500000| Complete 
| 124|0x000000008a600000, 0x000000008a700000, 0x000000008a700000|100%| E|CS|TAMS 0x000000008a600000, 0x000000008a600000| Complete 
| 125|0x000000008a700000, 0x000000008a800000, 0x000000008a800000|100%| E|CS|TAMS 0x000000008a700000, 0x000000008a700000| Complete 

Card table byte_map: [0x0000027c722a0000,0x0000027c72690000] _byte_map_base: 0x0000027c71e8b000

Marking Bits (Prev, Next): (CMBitMap*) 0x0000027c6a2a29a0, (CMBitMap*) 0x0000027c6a2a29e0
 Prev Bits: [0x0000027c72a80000, 0x0000027c749d8000)
 Next Bits: [0x0000027c749e0000, 0x0000027c76938000)

Polling page: 0x0000027c681d0000

Metaspace:

Usage:
  Non-class:      8.29 MB used.
      Class:      1.13 MB used.
       Both:      9.42 MB used.

Virtual space:
  Non-class space:       64.00 MB reserved,       8.44 MB ( 13%) committed,  1 nodes.
      Class space:        1.00 GB reserved,       1.25 MB ( <1%) committed,  1 nodes.
             Both:        1.06 GB reserved,       9.69 MB ( <1%) committed. 

Chunk freelists:
   Non-Class:  2.98 MB
       Class:  2.73 MB
        Both:  5.72 MB

MaxMetaspaceSize: unlimited
CompressedClassSpaceSize: 1.00 GB
Initial GC threshold: 21.00 MB
Current GC threshold: 21.00 MB
CDS: on
MetaspaceReclaimPolicy: balanced
 - commit_granule_bytes: 65536.
 - commit_granule_words: 8192.
 - virtual_space_node_default_size: 8388608.
 - enlarge_chunks_in_place: 1.
 - new_chunks_are_fully_committed: 0.
 - uncommit_free_chunks: 1.
 - use_allocation_guard: 0.


Internal statistics:

num_allocs_failed_limit: 0.
num_arena_births: 136.
num_arena_deaths: 0.
num_vsnodes_births: 2.
num_vsnodes_deaths: 0.
num_space_committed: 155.
num_space_uncommitted: 0.
num_chunks_returned_to_freelist: 0.
num_chunks_taken_from_freelist: 175.
num_chunk_merges: 0.
num_chunk_splits: 110.
num_chunks_enlarged: 58.
num_inconsistent_stats: 0.

CodeHeap 'non-profiled nmethods': size=120000Kb used=277Kb max_used=277Kb free=119723Kb
 bounds [0x0000027c07ad0000, 0x0000027c07d40000, 0x0000027c0f000000]
CodeHeap 'profiled nmethods': size=120000Kb used=1603Kb max_used=1603Kb free=118396Kb
 bounds [0x0000027c005a0000, 0x0000027c00810000, 0x0000027c07ad0000]
CodeHeap 'non-nmethods': size=5760Kb used=1310Kb max_used=1324Kb free=4449Kb
 bounds [0x0000027c00000000, 0x0000027c00270000, 0x0000027c005a0000]
 total_blobs=1688 nmethods=1052 adapters=549
 compilation: enabled
              stopped_count=0, restarted_count=0
 full_count=0

Compilation events (20 events):
Event: 11.505 Thread 0x0000027c7933bf50 nmethod 1035 0x0000027c00729d10 code [0x0000027c00729ea0, 0x0000027c00729fe8]
Event: 11.518 Thread 0x0000027c7933bf50 1036       3       java.util.Collections::emptyList (4 bytes)
Event: 11.518 Thread 0x0000027c7933bf50 nmethod 1036 0x0000027c0072a090 code [0x0000027c0072a220, 0x0000027c0072a318]
Event: 11.520 Thread 0x0000027c7933bf50 1037       3       java.beans.PropertyChangeSupport::firePropertyChange (81 bytes)
Event: 11.521 Thread 0x0000027c7933bf50 nmethod 1037 0x0000027c0072a390 code [0x0000027c0072a5e0, 0x0000027c0072b308]
Event: 11.521 Thread 0x0000027c7933bf50 1038       3       java.awt.Component::getInputContext (16 bytes)
Event: 11.521 Thread 0x0000027c7933bf50 nmethod 1038 0x0000027c0072b690 code [0x0000027c0072b840, 0x0000027c0072ba88]
Event: 11.521 Thread 0x0000027c7933bf50 1039       1       sun.util.locale.BaseLocale::getVariant (5 bytes)
Event: 11.521 Thread 0x0000027c7933bf50 nmethod 1039 0x0000027c07b14210 code [0x0000027c07b143a0, 0x0000027c07b14478]
Event: 7681.093 Thread 0x0000027c7933bf50 1042       3       java.lang.ref.ReferenceQueue::reallyPoll (65 bytes)
Event: 7681.104 Thread 0x0000027c7933bf50 nmethod 1042 0x0000027c0072bb90 code [0x0000027c0072bd60, 0x0000027c0072c298]
Event: 15182.118 Thread 0x0000027c7933bf50 1044   !   3       java.lang.ref.ReferenceQueue::remove (125 bytes)
Event: 15182.140 Thread 0x0000027c7933bf50 nmethod 1044 0x0000027c0072c390 code [0x0000027c0072c5a0, 0x0000027c0072cd38]
Event: 15302.139 Thread 0x0000027c7933bf50 1045   !   3       jdk.internal.ref.PhantomCleanable::isListEmpty (34 bytes)
Event: 15302.141 Thread 0x0000027c7933bf50 nmethod 1045 0x0000027c0072d090 code [0x0000027c0072d220, 0x0000027c0072d478]
Event: 15302.141 Thread 0x0000027c7933bf50 1046       3       jdk.internal.misc.InnocuousThread::eraseThreadLocals (23 bytes)
Event: 15302.144 Thread 0x0000027c7933bf50 nmethod 1046 0x0000027c0072d590 code [0x0000027c0072d720, 0x0000027c0072d918]
Event: 16641.896 Thread 0x0000027c7933b570 1048       4       java.util.Arrays::binarySearch (10 bytes)
Event: 16641.899 Thread 0x0000027c7933bf50 1049  s    3       sun.java2d.loops.GraphicsPrimitiveMgr::locatePrim (95 bytes)
Event: 16642.019 Thread 0x0000027c7933bf50 nmethod 1049 0x0000027c0072d990 code [0x0000027c0072dba0, 0x0000027c0072e408]

GC Heap History (0 events):
No events

Deoptimization events (20 events):
Event: 10.640 Thread 0x0000027c7d7d0510 Uncommon trap: trap_request=0xffffffde fr.pc=0x0000027c07aed138 relative=0x00000000000001b8
Event: 10.640 Thread 0x0000027c7d7d0510 Uncommon trap: reason=class_check action=maybe_recompile pc=0x0000027c07aed138 method=java.lang.String.equals(Ljava/lang/Object;)Z @ 8 c2
Event: 10.640 Thread 0x0000027c7d7d0510 DEOPT PACKING pc=0x0000027c07aed138 sp=0x0000008f796fdad0
Event: 10.640 Thread 0x0000027c7d7d0510 DEOPT UNPACKING pc=0x0000027c000523a3 sp=0x0000008f796fda78 mode 2
Event: 10.641 Thread 0x0000027c7d7d0510 Uncommon trap: trap_request=0xffffffde fr.pc=0x0000027c07aed138 relative=0x00000000000001b8
Event: 10.641 Thread 0x0000027c7d7d0510 Uncommon trap: reason=class_check action=maybe_recompile pc=0x0000027c07aed138 method=java.lang.String.equals(Ljava/lang/Object;)Z @ 8 c2
Event: 10.641 Thread 0x0000027c7d7d0510 DEOPT PACKING pc=0x0000027c07aed138 sp=0x0000008f796fdad0
Event: 10.641 Thread 0x0000027c7d7d0510 DEOPT UNPACKING pc=0x0000027c000523a3 sp=0x0000008f796fda78 mode 2
Event: 10.645 Thread 0x0000027c7d7d0510 Uncommon trap: trap_request=0xffffffde fr.pc=0x0000027c07aed138 relative=0x00000000000001b8
Event: 10.645 Thread 0x0000027c7d7d0510 Uncommon trap: reason=class_check action=maybe_recompile pc=0x0000027c07aed138 method=java.lang.String.equals(Ljava/lang/Object;)Z @ 8 c2
Event: 10.645 Thread 0x0000027c7d7d0510 DEOPT PACKING pc=0x0000027c07aed138 sp=0x0000008f796fd9a0
Event: 10.645 Thread 0x0000027c7d7d0510 DEOPT UNPACKING pc=0x0000027c000523a3 sp=0x0000008f796fd948 mode 2
Event: 10.645 Thread 0x0000027c7d7d0510 Uncommon trap: trap_request=0xffffffde fr.pc=0x0000027c07aed138 relative=0x00000000000001b8
Event: 10.645 Thread 0x0000027c7d7d0510 Uncommon trap: reason=class_check action=maybe_recompile pc=0x0000027c07aed138 method=java.lang.String.equals(Ljava/lang/Object;)Z @ 8 c2
Event: 10.645 Thread 0x0000027c7d7d0510 DEOPT PACKING pc=0x0000027c07aed138 sp=0x0000008f796fd9a0
Event: 10.645 Thread 0x0000027c7d7d0510 DEOPT UNPACKING pc=0x0000027c000523a3 sp=0x0000008f796fd948 mode 2
Event: 11.129 Thread 0x0000027c7d7d0510 Uncommon trap: trap_request=0xffffff45 fr.pc=0x0000027c07b0d8b8 relative=0x00000000000000b8
Event: 11.129 Thread 0x0000027c7d7d0510 Uncommon trap: reason=unstable_if action=reinterpret pc=0x0000027c07b0d8b8 method=java.awt.Component.inside(II)Z @ 21 c2
Event: 11.129 Thread 0x0000027c7d7d0510 DEOPT PACKING pc=0x0000027c07b0d8b8 sp=0x0000008f796fda20
Event: 11.129 Thread 0x0000027c7d7d0510 DEOPT UNPACKING pc=0x0000027c000523a3 sp=0x0000008f796fd8b8 mode 2

Classes loaded (20 events):
Event: 10.672 Loading class java/awt/WaitDispatchSupport$2
Event: 10.672 Loading class java/awt/WaitDispatchSupport$2 done
Event: 10.672 Loading class java/awt/WaitDispatchSupport$4
Event: 10.672 Loading class java/awt/WaitDispatchSupport$4 done
Event: 10.677 Loading class sun/awt/image/BufImgSurfaceManager
Event: 10.677 Loading class sun/awt/image/BufImgSurfaceManager done
Event: 11.129 Loading class sun/awt/ModalExclude
Event: 11.129 Loading class sun/awt/ModalExclude done
Event: 11.506 Loading class java/awt/KeyboardFocusManager$2
Event: 11.506 Loading class java/awt/KeyboardFocusManager$2 done
Event: 11.506 Loading class sun/awt/SunToolkit$1
Event: 11.506 Loading class sun/awt/SunToolkit$1 done
Event: 11.511 Loading class java/awt/Window$1DisposeAction
Event: 11.511 Loading class java/awt/Window$1DisposeAction done
Event: 16640.200 Loading class java/util/WeakHashMap$KeyIterator
Event: 16640.313 Loading class java/util/WeakHashMap$HashIterator
Event: 16640.372 Loading class java/util/WeakHashMap$HashIterator done
Event: 16640.379 Loading class java/util/WeakHashMap$KeyIterator done
Event: 16640.681 Loading class javax/swing/RepaintManager$DisplayChangedRunnable
Event: 16640.733 Loading class javax/swing/RepaintManager$DisplayChangedRunnable done

Classes unloaded (0 events):
No events

Classes redefined (0 events):
No events

Internal exceptions (15 events):
Event: 0.056 Thread 0x0000027c6a240720 Exception <a 'java/lang/ClassNotFoundException'{0x000000008a633758}: sun/awt/resources/spi/awtProvider> (0x000000008a633758) 
thrown [s\open\src\hotspot\share\classfile\systemDictionary.cpp, line 255]
Event: 0.084 Thread 0x0000027c6a240720 Exception <a 'java/io/FileNotFoundException'{0x000000008a692e00}> (0x000000008a692e00) 
thrown [s\open\src\hotspot\share\prims\jni.cpp, line 516]
Event: 0.089 Thread 0x0000027c6a240720 Exception <a 'java/io/FileNotFoundException'{0x000000008a6bfda8}> (0x000000008a6bfda8) 
thrown [s\open\src\hotspot\share\prims\jni.cpp, line 516]
Event: 0.120 Thread 0x0000027c6a240720 Exception <a 'java/lang/NoSuchMethodError'{0x000000008a500910}: 'java.lang.Object java.lang.invoke.DirectMethodHandle$Holder.invokeStaticInit(java.lang.Object)'> (0x000000008a500910) 
thrown [s\open\src\hotspot\share\interpreter\linkResolver.cpp, line 759]
Event: 0.160 Thread 0x0000027c7d7d0510 Exception <a 'java/lang/NoSuchMethodError'{0x000000008a43f840}: 'void java.lang.invoke.DirectMethodHandle$Holder.invokeSpecial(java.lang.Object, java.lang.Object, java.lang.Object)'> (0x000000008a43f840) 
thrown [s\open\src\hotspot\share\interpreter\linkResolver.cpp, line 759]
Event: 0.166 Thread 0x0000027c7d7d0510 Exception <a 'java/lang/NoSuchMethodError'{0x000000008a46a960}: 'java.lang.Object java.lang.invoke.DirectMethodHandle$Holder.newInvokeSpecial(java.lang.Object, java.lang.Object, java.lang.Object, java.lang.Object, java.lang.Object)'> (0x000000008a46a960) 
thrown [s\open\src\hotspot\share\interpreter\linkResolver.cpp, line 759]
Event: 0.170 Thread 0x0000027c7d7d0510 Exception <a 'java/lang/NoSuchMethodError'{0x000000008a49c728}: 'java.lang.Object java.lang.invoke.DirectMethodHandle$Holder.invokeStatic(java.lang.Object, int, java.lang.Object)'> (0x000000008a49c728) 
thrown [s\open\src\hotspot\share\interpreter\linkResolver.cpp, line 759]
Event: 0.188 Thread 0x0000027c7d7d0510 Exception <a 'java/lang/ClassNotFoundException'{0x000000008a3599c0}: com/sun/swing/internal/plaf/metal/resources/spi/metalProvider> (0x000000008a3599c0) 
thrown [s\open\src\hotspot\share\classfile\systemDictionary.cpp, line 255]
Event: 0.189 Thread 0x0000027c7d7d0510 Exception <a 'java/lang/ClassNotFoundException'{0x000000008a35da28}: com/sun/swing/internal/plaf/basic/resources/spi/basicProvider> (0x000000008a35da28) 
thrown [s\open\src\hotspot\share\classfile\systemDictionary.cpp, line 255]
Event: 0.195 Thread 0x0000027c7d7d0510 Exception <a 'java/lang/NoSuchMethodError'{0x000000008a37e6d0}: 'int java.lang.invoke.Invokers$Holder.invokeExact_MT(java.lang.Object, java.lang.Object)'> (0x000000008a37e6d0) 
thrown [s\open\src\hotspot\share\interpreter\linkResolver.cpp, line 759]
Event: 0.253 Thread 0x0000027c7d7d20e0 Exception <a 'java/lang/NoSuchMethodError'{0x000000008a585c20}: 'void java.lang.invoke.DirectMethodHandle$Holder.invokeVirtual(java.lang.Object, java.lang.Object)'> (0x000000008a585c20) 
thrown [s\open\src\hotspot\share\interpreter\linkResolver.cpp, line 759]
Event: 0.262 Thread 0x0000027c7d7d0510 Exception <a 'java/lang/NoSuchMethodError'{0x000000008a218728}: 'void java.lang.invoke.DirectMethodHandle$Holder.invokeStaticInit(java.lang.Object)'> (0x000000008a218728) 
thrown [s\open\src\hotspot\share\interpreter\linkResolver.cpp, line 759]
Event: 10.636 Thread 0x0000027c7d6c2010 Exception <a 'java/lang/NoSuchMethodError'{0x000000008a00d470}: 'java.lang.Object java.lang.invoke.DirectMethodHandle$Holder.newInvokeSpecial(java.lang.Object, java.lang.Object, java.lang.Object, int, int, int, int, int)'> (0x000000008a00d470) 
thrown [s\open\src\hotspot\share\interpreter\linkResolver.cpp, line 759]
Event: 10.655 Thread 0x0000027c7d7d0510 Exception <a 'java/lang/NoSuchMethodError'{0x000000008a07a210}: 'void java.lang.invoke.DirectMethodHandle$Holder.invokeStatic(java.lang.Object, java.lang.Object)'> (0x000000008a07a210) 
thrown [s\open\src\hotspot\share\interpreter\linkResolver.cpp, line 759]
Event: 10.671 Thread 0x0000027c7d7d0510 Exception <a 'java/lang/NoSuchMethodError'{0x000000008a090398}: 'int java.lang.invoke.DirectMethodHandle$Holder.invokeStatic(java.lang.Object)'> (0x000000008a090398) 
thrown [s\open\src\hotspot\share\interpreter\linkResolver.cpp, line 759]

VM Operations (20 events):
Event: 0.232 Executing VM operation: HandshakeAllThreads
Event: 0.232 Executing VM operation: HandshakeAllThreads done
Event: 0.372 Executing VM operation: HandshakeAllThreads
Event: 0.372 Executing VM operation: HandshakeAllThreads done
Event: 0.384 Executing VM operation: HandshakeAllThreads
Event: 0.384 Executing VM operation: HandshakeAllThreads done
Event: 1.390 Executing VM operation: Cleanup
Event: 1.390 Executing VM operation: Cleanup done
Event: 2.395 Executing VM operation: Cleanup
Event: 2.395 Executing VM operation: Cleanup done
Event: 3.402 Executing VM operation: Cleanup
Event: 3.403 Executing VM operation: Cleanup done
Event: 4.408 Executing VM operation: Cleanup
Event: 4.408 Executing VM operation: Cleanup done
Event: 10.629 Executing VM operation: HandshakeAllThreads
Event: 10.629 Executing VM operation: HandshakeAllThreads done
Event: 11.641 Executing VM operation: Cleanup
Event: 11.641 Executing VM operation: Cleanup done
Event: 16641.465 Executing VM operation: Cleanup
Event: 16641.528 Executing VM operation: Cleanup done

Events (20 events):
Event: 0.031 Thread 0x0000027c7933b570 Thread added: 0x0000027c7933b570
Event: 0.031 Thread 0x0000027c7933bf50 Thread added: 0x0000027c7933bf50
Event: 0.031 Thread 0x0000027c7934d0f0 Thread added: 0x0000027c7934d0f0
Event: 0.044 Thread 0x0000027c7d5cd450 Thread added: 0x0000027c7d5cd450
Event: 0.048 Thread 0x0000027c7d5d1590 Thread added: 0x0000027c7d5d1590
Event: 0.065 Loaded shared library C:\Program Files\Java\jdk-18.0.2.1\bin\jimage.dll
Event: 0.071 Loaded shared library C:\Program Files\Java\jdk-18.0.2.1\bin\awt.dll
Event: 0.120 Thread 0x0000027c7d7c8bf0 Thread added: 0x0000027c7d7c8bf0
Event: 0.121 Thread 0x0000027c7d7d1c20 Thread added: 0x0000027c7d7d1c20
Event: 0.122 Thread 0x0000027c7d7d20e0 Thread added: 0x0000027c7d7d20e0
Event: 0.134 Thread 0x0000027c7d7d0510 Thread added: 0x0000027c7d7d0510
Event: 0.134 Thread 0x0000027c6a240720 Thread exited: 0x0000027c6a240720
Event: 0.134 Thread 0x0000027c6a240720 Thread added: 0x0000027c6a240720
Event: 0.266 Loaded shared library C:\Program Files\Java\jdk-18.0.2.1\bin\freetype.dll
Event: 0.267 Loaded shared library C:\Program Files\Java\jdk-18.0.2.1\bin\fontmanager.dll
Event: 0.301 Loaded shared library C:\Program Files\Java\jdk-18.0.2.1\bin\net.dll
Event: 0.303 Loaded shared library C:\Program Files\Java\jdk-18.0.2.1\bin\nio.dll
Event: 10.632 Thread 0x0000027c7d6c2010 Thread added: 0x0000027c7d6c2010
Event: 10.635 Loaded shared library C:\Program Files\Java\jdk-18.0.2.1\bin\zip.dll
Event: 15.641 Thread 0x0000027c7d6c2010 Thread exited: 0x0000027c7d6c2010


Dynamic libraries:
0x00007ff6fdde0000 - 0x00007ff6fddf0000 	C:\Program Files\Java\jdk-18.0.2.1\bin\javaw.exe
0x00007ffd69840000 - 0x00007ffd69a49000 	C:\Windows\SYSTEM32\ntdll.dll
0x00007ffd67e10000 - 0x00007ffd67ece000 	C:\Windows\System32\KERNEL32.DLL
0x00007ffd67220000 - 0x00007ffd6759b000 	C:\Windows\System32\KERNELBASE.dll
0x00007ffd670d0000 - 0x00007ffd671e1000 	C:\Windows\System32\ucrtbase.dll
0x00007ffd3fc10000 - 0x00007ffd3fc2a000 	C:\Program Files\Java\jdk-18.0.2.1\bin\VCRUNTIME140.dll
0x00007ffd3fbf0000 - 0x00007ffd3fc08000 	C:\Program Files\Java\jdk-18.0.2.1\bin\jli.dll
0x00007ffd693b0000 - 0x00007ffd6945e000 	C:\Windows\System32\ADVAPI32.dll
0x00007ffd68e90000 - 0x00007ffd68f33000 	C:\Windows\System32\msvcrt.dll
0x00007ffd694a0000 - 0x00007ffd6953e000 	C:\Windows\System32\sechost.dll
0x00007ffd67780000 - 0x00007ffd678a0000 	C:\Windows\System32\RPCRT4.dll
0x00007ffd69580000 - 0x00007ffd6972d000 	C:\Windows\System32\USER32.dll
0x00007ffd4a920000 - 0x00007ffd4abc5000 	C:\Windows\WinSxS\amd64_microsoft.windows.common-controls_6595b64144ccf1df_6.0.22000.120_none_9d947278b86cc467\COMCTL32.dll
0x00007ffd671f0000 - 0x00007ffd67216000 	C:\Windows\System32\win32u.dll
0x00007ffd69550000 - 0x00007ffd69579000 	C:\Windows\System32\GDI32.dll
0x00007ffd66ef0000 - 0x00007ffd67008000 	C:\Windows\System32\gdi32full.dll
0x00007ffd67620000 - 0x00007ffd676bd000 	C:\Windows\System32\msvcp_win.dll
0x00007ffd60fa0000 - 0x00007ffd60faa000 	C:\Windows\SYSTEM32\VERSION.dll
0x00007ffd67740000 - 0x00007ffd67772000 	C:\Windows\System32\IMM32.DLL
0x00007ffd3fbe0000 - 0x00007ffd3fbec000 	C:\Program Files\Java\jdk-18.0.2.1\bin\vcruntime140_1.dll
0x00007ffd3d370000 - 0x00007ffd3d3fd000 	C:\Program Files\Java\jdk-18.0.2.1\bin\msvcp140.dll
0x00007ffc9baf0000 - 0x00007ffc9c701000 	C:\Program Files\Java\jdk-18.0.2.1\bin\server\jvm.dll
0x00007ffd69490000 - 0x00007ffd69498000 	C:\Windows\System32\PSAPI.DLL
0x00007ffd3d0b0000 - 0x00007ffd3d0b9000 	C:\Windows\SYSTEM32\WSOCK32.dll
0x00007ffd5f430000 - 0x00007ffd5f463000 	C:\Windows\SYSTEM32\WINMM.dll
0x00007ffd69790000 - 0x00007ffd697ff000 	C:\Windows\System32\WS2_32.dll
0x00007ffd65e40000 - 0x00007ffd65e58000 	C:\Windows\SYSTEM32\kernel.appcore.dll
0x00007ffd3cdc0000 - 0x00007ffd3cdca000 	C:\Program Files\Java\jdk-18.0.2.1\bin\jimage.dll
0x00007ffd647d0000 - 0x00007ffd649f1000 	C:\Windows\SYSTEM32\DBGHELP.DLL
0x00007ffd4e550000 - 0x00007ffd4e581000 	C:\Windows\SYSTEM32\dbgcore.DLL
0x00007ffd675a0000 - 0x00007ffd6761f000 	C:\Windows\System32\bcryptPrimitives.dll
0x00007ffcfd6a0000 - 0x00007ffcfd6c5000 	C:\Program Files\Java\jdk-18.0.2.1\bin\java.dll
0x00007ffc9f560000 - 0x00007ffc9f636000 	C:\Program Files\Java\jdk-18.0.2.1\bin\jsvml.dll
0x00007ffd68650000 - 0x00007ffd68e08000 	C:\Windows\System32\SHELL32.dll
0x00007ffd64dd0000 - 0x00007ffd65635000 	C:\Windows\SYSTEM32\windows.storage.dll
0x00007ffd68270000 - 0x00007ffd685e8000 	C:\Windows\System32\combase.dll
0x00007ffd64c60000 - 0x00007ffd64dc6000 	C:\Windows\SYSTEM32\wintypes.dll
0x00007ffd67ee0000 - 0x00007ffd67fca000 	C:\Windows\System32\SHCORE.dll
0x00007ffd685f0000 - 0x00007ffd6864d000 	C:\Windows\System32\shlwapi.dll
0x00007ffd66c40000 - 0x00007ffd66c61000 	C:\Windows\SYSTEM32\profapi.dll
0x00007ffd3bc30000 - 0x00007ffd3bdbf000 	C:\Program Files\Java\jdk-18.0.2.1\bin\awt.dll
0x00007ffd67fd0000 - 0x00007ffd680a6000 	C:\Windows\System32\OLEAUT32.dll
0x00007ffd63e30000 - 0x00007ffd63ec2000 	C:\Windows\SYSTEM32\apphelp.dll
0x00007ffd64000000 - 0x00007ffd640ac000 	C:\Windows\system32\uxtheme.dll
0x00007ffd67cf0000 - 0x00007ffd67e0d000 	C:\Windows\System32\MSCTF.dll
0x00007ffd67990000 - 0x00007ffd67b2a000 	C:\Windows\System32\ole32.dll
0x00007ffd64360000 - 0x00007ffd6438f000 	C:\Windows\system32\DWMAPI.DLL
0x00007ffd30ab0000 - 0x00007ffd30bb1000 	C:\Windows\system32\opengl32.dll
0x00007ffd3f740000 - 0x00007ffd3f76d000 	C:\Windows\SYSTEM32\GLU32.dll
0x00007ffd64110000 - 0x00007ffd64148000 	C:\Windows\SYSTEM32\dxcore.dll
0x00007ffd3d2e0000 - 0x00007ffd3d366000 	C:\Program Files\Java\jdk-18.0.2.1\bin\freetype.dll
0x00007ffd3bb80000 - 0x00007ffd3bc28000 	C:\Program Files\Java\jdk-18.0.2.1\bin\fontmanager.dll
0x00007ffd67b30000 - 0x00007ffd67be5000 	C:\Windows\System32\clbcatq.dll
0x00007ffd5f770000 - 0x00007ffd5f91e000 	C:\Windows\SYSTEM32\WindowsCodecs.dll
0x00007ffd3e880000 - 0x00007ffd3e8dd000 	C:\Windows\system32\dataexchange.dll
0x00007ffd5ec90000 - 0x00007ffd5eef6000 	C:\Windows\system32\twinapi.appcore.dll
0x00007ffd15930000 - 0x00007ffd15943000 	C:\Program Files\Java\jdk-18.0.2.1\bin\net.dll
0x00007ffd60e50000 - 0x00007ffd60f64000 	C:\Windows\SYSTEM32\WINHTTP.dll
0x00007ffd662e0000 - 0x00007ffd66347000 	C:\Windows\system32\mswsock.dll
0x00007ffcfe720000 - 0x00007ffcfe736000 	C:\Program Files\Java\jdk-18.0.2.1\bin\nio.dll
0x00007ffd4daa0000 - 0x00007ffd4dbcd000 	C:\Windows\SYSTEM32\textinputframework.dll
0x00007ffd63a40000 - 0x00007ffd63b71000 	C:\Windows\SYSTEM32\CoreMessaging.dll
0x00007ffd61310000 - 0x00007ffd6167d000 	C:\Windows\SYSTEM32\CoreUIComponents.dll
0x00007ffd66540000 - 0x00007ffd6654c000 	C:\Windows\SYSTEM32\CRYPTBASE.DLL
0x00007ffce2320000 - 0x00007ffce2338000 	C:\Program Files\Java\jdk-18.0.2.1\bin\zip.dll
0x00007ffd4e4a0000 - 0x00007ffd4e54e000 	C:\Windows\SYSTEM32\TextShaping.dll

dbghelp: loaded successfully - version: 4.0.5 - missing functions: none
symbol engine: initialized successfully - sym options: 0x614 - pdb path: .;C:\Program Files\Java\jdk-18.0.2.1\bin;C:\Windows\SYSTEM32;C:\Windows\WinSxS\amd64_microsoft.windows.common-controls_6595b64144ccf1df_6.0.22000.120_none_9d947278b86cc467;C:\Program Files\Java\jdk-18.0.2.1\bin\server

VM Arguments:
jvm_args: -Dfile.encoding=UTF-8 -XX:+ShowCodeDetailsInExceptionMessages 
java_command: programmePrincipal.ProgrammePrincipal
java_class_path (initial): C:\Users\Jonathan\Dropbox\PC\Desktop\GraphVille\Repositorio\src
Launcher Type: SUN_STANDARD

[Global flags]
     intx CICompilerCount                          = 4                                         {product} {ergonomic}
     uint ConcGCThreads                            = 2                                         {product} {ergonomic}
     uint G1ConcRefinementThreads                  = 8                                         {product} {ergonomic}
   size_t G1HeapRegionSize                         = 1048576                                   {product} {ergonomic}
    uintx GCDrainStackTargetSize                   = 64                                        {product} {ergonomic}
   size_t InitialHeapSize                          = 132120576                                 {product} {ergonomic}
   size_t MarkStackSize                            = 4194304                                   {product} {ergonomic}
   size_t MaxHeapSize                              = 2103443456                                {product} {ergonomic}
   size_t MaxNewSize                               = 1261436928                                {product} {ergonomic}
   size_t MinHeapDeltaBytes                        = 1048576                                   {product} {ergonomic}
   size_t MinHeapSize                              = 8388608                                   {product} {ergonomic}
    uintx NonNMethodCodeHeapSize                   = 5839372                                {pd product} {ergonomic}
    uintx NonProfiledCodeHeapSize                  = 122909434                              {pd product} {ergonomic}
    uintx ProfiledCodeHeapSize                     = 122909434                              {pd product} {ergonomic}
    uintx ReservedCodeCacheSize                    = 251658240                              {pd product} {ergonomic}
     bool SegmentedCodeCache                       = true                                      {product} {ergonomic}
     bool ShowCodeDetailsInExceptionMessages       = true                                   {manageable} {command line}
   size_t SoftMaxHeapSize                          = 2103443456                             {manageable} {ergonomic}
     bool UseCompressedClassPointers               = true                           {product lp64_product} {ergonomic}
     bool UseCompressedOops                        = true                           {product lp64_product} {ergonomic}
     bool UseG1GC                                  = true                                      {product} {ergonomic}
     bool UseLargePagesIndividualAllocation        = false                                  {pd product} {ergonomic}

Logging:
Log output configuration:
 #0: stdout all=warning uptime,level,tags foldmultilines=false
 #1: stderr all=off uptime,level,tags foldmultilines=false

Environment Variables:
PATH=C:/Program Files/Java/jdk-18.0.2.1/bin/server;C:/Program Files/Java/jdk-18.0.2.1/bin;C:\Program Files\Common Files\Oracle\Java\javapath;C:\Program Files (x86)\Common Files\Oracle\Java\javapath;C:\Windows\system32;C:\Windows;C:\Windows\System32\Wbem;C:\Windows\System32\WindowsPowerShell\v1.0\;C:\Windows\System32\OpenSSH\;C:\Program Files (x86)\NVIDIA Corporation\PhysX\Common;C:\Program Files\NVIDIA Corporation\NVIDIA NvDLISR;C:\Program Files (x86)\Windows Kits\8.1\Windows Performance Toolkit\;C:\Users\Jonathan\AppData\Local\Microsoft\WindowsApps;C:\Users\Jonathan\Dropbox\PC\Desktop;
USERNAME=Jonathan
OS=Windows_NT
PROCESSOR_IDENTIFIER=Intel64 Family 6 Model 165 Stepping 2, GenuineIntel



---------------  S Y S T E M  ---------------

OS:
 Windows 11 , 64 bit Build 22000 (10.0.22000.1219)
OS uptime: 0 days 8:58 hours
Hyper-V role detected

CPU: total 8 (initial active 8) (4 cores per cpu, 2 threads per core) family 6 model 165 stepping 2 microcode 0xe2, cx8, cmov, fxsr, ht, mmx, 3dnowpref, sse, sse2, sse3, ssse3, sse4.1, sse4.2, popcnt, lzcnt, tsc, tscinvbit, avx, avx2, aes, erms, clmul, bmi1, bmi2, adx, fma, vzeroupper, clflush, clflushopt, hv

Memory: 4k page, system-wide physical 8023M (157M free)
TotalPageFile size 32599M (AvailPageFile size 12M)
current process WorkingSet (physical memory assigned to process): 19M, peak: 75M
current process commit charge ("private bytes"): 230M, peak: 230M

vm_info: Java HotSpot(TM) 64-Bit Server VM (18.0.2.1+1-1) for windows-amd64 JRE (18.0.2.1+1-1), built on Aug 16 2022 01:46:33 by "mach5one" with MS VC++ 16.8 / 16.9 (VS2019)

END.
