#
# There is insufficient memory for the Java Runtime Environment to continue.
# Native memory allocation (malloc) failed to allocate 32744 bytes for Chunk::new
# Possible reasons:
#   The system is out of physical RAM or swap space
#   The process is running with CompressedOops enabled, and the Java Heap may be blocking the growth of the native heap
# Possible solutions:
#   Reduce memory load on the system
#   Increase physical memory or swap space
#   Check if swap backing store is full
#   Decrease Java heap size (-Xmx/-Xms)
#   Decrease number of Java threads
#   Decrease Java thread stack sizes (-Xss)
#   Set larger code cache with -XX:ReservedCodeCacheSize=
#   JVM is running with Unscaled Compressed Oops mode in which the Java heap is
#     placed in the first 4GB address space. The Java Heap base address is the
#     maximum limit for the native heap growth. Please use -XX:HeapBaseMinAddress
#     to set the Java Heap base and to place the Java Heap above 4GB virtual address.
# This output file may be truncated or incomplete.
#
#  Out of Memory Error (arena.cpp:184), pid=28900, tid=4884
#
# JRE version: Java(TM) SE Runtime Environment (18.0.2.1+1) (build 18.0.2.1+1-1)
# Java VM: Java HotSpot(TM) 64-Bit Server VM (18.0.2.1+1-1, mixed mode, sharing, tiered, compressed oops, compressed class ptrs, g1 gc, windows-amd64)
# No core dump will be written. Minidumps are not enabled by default on client versions of Windows
#

---------------  S U M M A R Y ------------

Command Line: -Dfile.encoding=UTF-8 -XX:+ShowCodeDetailsInExceptionMessages programmePrincipal.ProgrammePrincipal

Host: Intel(R) Core(TM) i5-10300H CPU @ 2.50GHz, 8 cores, 7G,  Windows 11 , 64 bit Build 22000 (10.0.22000.1219)
Time: Sat Dec  3 00:20:51 2022 Est elapsed time: 135.156035 seconds (0d 0h 2m 15s)

---------------  T H R E A D  ---------------

Current thread (0x00000293ff7d5c60):  JavaThread "C2 CompilerThread0" daemon [_thread_in_native, id=4884, stack(0x000000f6a2300000,0x000000f6a2400000)]


Current CompileTask:
C2: 135159 1452       4       sun.awt.SunToolkit::targetToAppContext (30 bytes)

Stack: [0x000000f6a2300000,0x000000f6a2400000]
Native frames: (J=compiled Java code, j=interpreted, Vv=VM code, C=native code)
V  [jvm.dll+0x6993aa]
V  [jvm.dll+0x7f46dd]
V  [jvm.dll+0x7f5fee]
V  [jvm.dll+0x7f66a3]
V  [jvm.dll+0x25cf1f]
V  [jvm.dll+0xb8c2f]
V  [jvm.dll+0xb8fa5]
V  [jvm.dll+0x364c47]
V  [jvm.dll+0x36b036]
V  [jvm.dll+0x6b179c]
V  [jvm.dll+0x6a976b]
V  [jvm.dll+0x6a8da5]
V  [jvm.dll+0x6a6c5b]
V  [jvm.dll+0x1bd20c]
V  [jvm.dll+0x1bddd6]
V  [jvm.dll+0x2c7038]
V  [jvm.dll+0x6b1688]
V  [jvm.dll+0x6a976b]
V  [jvm.dll+0x6a8da5]
V  [jvm.dll+0x6a6c5b]
V  [jvm.dll+0x1bd20c]
V  [jvm.dll+0x22f098]
V  [jvm.dll+0x1ba01c]
V  [jvm.dll+0x23ee0a]
V  [jvm.dll+0x23d0f5]
V  [jvm.dll+0x7a6dd1]
V  [jvm.dll+0x7a120a]
V  [jvm.dll+0x698255]
C  [ucrtbase.dll+0x26c0c]
C  [KERNEL32.DLL+0x15550]
C  [ntdll.dll+0x485b]


---------------  P R O C E S S  ---------------

Threads class SMR info:
_java_thread_list=0x000002939ecb0410, length=17, elements={
0x00000293ff7ac880, 0x00000293ff7af8e0, 0x00000293ff7ce2f0, 0x00000293ff7ceba0,
0x00000293ff7cfbf0, 0x00000293ff7d4140, 0x00000293ff7d5c60, 0x00000293ff7d7300,
0x00000293ff7e83b0, 0x000002939e9c1350, 0x000002939e9ca470, 0x000002939ebd10d0,
0x000002939ebd1590, 0x000002939ea0f860, 0x000002939ebcef60, 0x00000293f9ecea60,
0x000002939ecf4010
}

Java Threads: ( => current thread )
  0x00000293ff7ac880 JavaThread "Reference Handler" daemon [_thread_blocked, id=29244, stack(0x000000f6a1d00000,0x000000f6a1e00000)]
  0x00000293ff7af8e0 JavaThread "Finalizer" daemon [_thread_blocked, id=26516, stack(0x000000f6a1e00000,0x000000f6a1f00000)]
  0x00000293ff7ce2f0 JavaThread "Signal Dispatcher" daemon [_thread_blocked, id=6728, stack(0x000000f6a1f00000,0x000000f6a2000000)]
  0x00000293ff7ceba0 JavaThread "Attach Listener" daemon [_thread_blocked, id=18796, stack(0x000000f6a2000000,0x000000f6a2100000)]
  0x00000293ff7cfbf0 JavaThread "Service Thread" daemon [_thread_blocked, id=28460, stack(0x000000f6a2100000,0x000000f6a2200000)]
  0x00000293ff7d4140 JavaThread "Monitor Deflation Thread" daemon [_thread_blocked, id=29468, stack(0x000000f6a2200000,0x000000f6a2300000)]
=>0x00000293ff7d5c60 JavaThread "C2 CompilerThread0" daemon [_thread_in_native, id=4884, stack(0x000000f6a2300000,0x000000f6a2400000)]
  0x00000293ff7d7300 JavaThread "C1 CompilerThread0" daemon [_thread_blocked, id=19688, stack(0x000000f6a2400000,0x000000f6a2500000)]
  0x00000293ff7e83b0 JavaThread "Sweeper thread" daemon [_thread_blocked, id=22508, stack(0x000000f6a2500000,0x000000f6a2600000)]
  0x000002939e9c1350 JavaThread "Notification Thread" daemon [_thread_blocked, id=28924, stack(0x000000f6a2600000,0x000000f6a2700000)]
  0x000002939e9ca470 JavaThread "Common-Cleaner" daemon [_thread_blocked, id=9724, stack(0x000000f6a2800000,0x000000f6a2900000)]
  0x000002939ebd10d0 JavaThread "Java2D Disposer" daemon [_thread_blocked, id=12744, stack(0x000000f6a2900000,0x000000f6a2a00000)]
  0x000002939ebd1590 JavaThread "AWT-Shutdown" [_thread_blocked, id=25608, stack(0x000000f6a2a00000,0x000000f6a2b00000)]
  0x000002939ea0f860 JavaThread "AWT-Windows" daemon [_thread_in_native, id=24916, stack(0x000000f6a2b00000,0x000000f6a2c00000)]
  0x000002939ebcef60 JavaThread "AWT-EventQueue-0" [_thread_in_native, id=28428, stack(0x000000f6a2c00000,0x000000f6a2d00000)]
  0x00000293f9ecea60 JavaThread "DestroyJavaVM" [_thread_blocked, id=29552, stack(0x000000f6a1600000,0x000000f6a1700000)]
  0x000002939ecf4010 JavaThread "TimerQueue" daemon [_thread_blocked, id=29108, stack(0x000000f6a2d00000,0x000000f6a2e00000)]

Other Threads:
  0x00000293ff7a9970 VMThread "VM Thread" [stack: 0x000000f6a1c00000,0x000000f6a1d00000] [id=27652]
  0x000002939e9ca050 WatcherThread "VM Periodic Task Thread" [stack: 0x000000f6a2700000,0x000000f6a2800000] [id=25028]
  0x00000293f9f31870 WorkerThread "GC Thread#0" [stack: 0x000000f6a1700000,0x000000f6a1800000] [id=22288]
  0x00000293f9f42a70 ConcurrentGCThread "G1 Main Marker" [stack: 0x000000f6a1800000,0x000000f6a1900000] [id=28824]
  0x00000293f9f44220 WorkerThread "G1 Conc#0" [stack: 0x000000f6a1900000,0x000000f6a1a00000] [id=12216]
  0x00000293f9f928f0 ConcurrentGCThread "G1 Refine#0" [stack: 0x000000f6a1a00000,0x000000f6a1b00000] [id=18176]
  0x00000293f9f92fb0 ConcurrentGCThread "G1 Service" [stack: 0x000000f6a1b00000,0x000000f6a1c00000] [id=29400]

Threads with active compile tasks:
C2 CompilerThread0   135210 1452       4       sun.awt.SunToolkit::targetToAppContext (30 bytes)

VM state: not at safepoint (normal execution)

VM Mutex/Monitor currently owned by a thread: None

Heap address: 0x0000000082a00000, size: 2006 MB, Compressed Oops mode: 32-bit

CDS archive(s) mapped at: [0x0000000800000000-0x0000000800ba0000-0x0000000800ba0000), size 12189696, SharedBaseAddress: 0x0000000800000000, ArchiveRelocationMode: 0.
Compressed class space mapped at: 0x0000000800c00000-0x0000000840c00000, reserved size: 1073741824
Narrow klass base: 0x0000000800000000, Narrow klass shift: 0, Narrow klass range: 0x100000000

GC Precious Log:
 CardTable entry size: 512
 Card Set container configuration: InlinePtr #cards 5 size 8 Array Of Cards #cards 12 size 40 Howl #buckets 4 coarsen threshold 1843 Howl Bitmap #cards 512 size 80 coarsen threshold 460 Card regions per heap region 1 cards per card region 2048
 CPUs: 8 total, 8 available
 Memory: 8023M
 Large Page Support: Disabled
 NUMA Support: Disabled
 Compressed Oops: Enabled (32-bit)
 Heap Region Size: 1M
 Heap Min Capacity: 8M
 Heap Initial Capacity: 126M
 Heap Max Capacity: 2006M
 Pre-touch: Disabled
 Parallel Workers: 8
 Concurrent Workers: 2
 Concurrent Refinement Workers: 8
 Periodic GC: Disabled

Heap:
 garbage-first heap   total 129024K, used 18432K [0x0000000082a00000, 0x0000000100000000)
  region size 1024K, 11 young (11264K), 0 survivors (0K)
 Metaspace       used 9909K, committed 10112K, reserved 1114112K
  class space    used 1143K, committed 1280K, reserved 1048576K

Heap Regions: E=young(eden), S=young(survivor), O=old, HS=humongous(starts), HC=humongous(continues), CS=collection set, F=free, OA=open archive, CA=closed archive, TAMS=top-at-mark-start (previous, next)
|   0|0x0000000082a00000, 0x0000000082b00000, 0x0000000082b00000|100%|HS|  |TAMS 0x0000000082a00000, 0x0000000082a00000| Complete 
|   1|0x0000000082b00000, 0x0000000082c00000, 0x0000000082c00000|100%|HC|  |TAMS 0x0000000082b00000, 0x0000000082b00000| Complete 
|   2|0x0000000082c00000, 0x0000000082d00000, 0x0000000082d00000|100%|HC|  |TAMS 0x0000000082c00000, 0x0000000082c00000| Complete 
|   3|0x0000000082d00000, 0x0000000082e00000, 0x0000000082e00000|100%|HC|  |TAMS 0x0000000082d00000, 0x0000000082d00000| Complete 
|   4|0x0000000082e00000, 0x0000000082f00000, 0x0000000082f00000|100%|HC|  |TAMS 0x0000000082e00000, 0x0000000082e00000| Complete 
|   5|0x0000000082f00000, 0x0000000083000000, 0x0000000083000000|100%|HC|  |TAMS 0x0000000082f00000, 0x0000000082f00000| Complete 
|   6|0x0000000083000000, 0x0000000083100000, 0x0000000083100000|100%|HC|  |TAMS 0x0000000083000000, 0x0000000083000000| Complete 
|   7|0x0000000083100000, 0x0000000083200000, 0x0000000083200000|100%|HC|  |TAMS 0x0000000083100000, 0x0000000083100000| Complete 
|   8|0x0000000083200000, 0x0000000083200000, 0x0000000083300000|  0%| F|  |TAMS 0x0000000083200000, 0x0000000083200000| Untracked 
|   9|0x0000000083300000, 0x0000000083300000, 0x0000000083400000|  0%| F|  |TAMS 0x0000000083300000, 0x0000000083300000| Untracked 
|  10|0x0000000083400000, 0x0000000083400000, 0x0000000083500000|  0%| F|  |TAMS 0x0000000083400000, 0x0000000083400000| Untracked 
|  11|0x0000000083500000, 0x0000000083500000, 0x0000000083600000|  0%| F|  |TAMS 0x0000000083500000, 0x0000000083500000| Untracked 
|  12|0x0000000083600000, 0x0000000083600000, 0x0000000083700000|  0%| F|  |TAMS 0x0000000083600000, 0x0000000083600000| Untracked 
|  13|0x0000000083700000, 0x0000000083700000, 0x0000000083800000|  0%| F|  |TAMS 0x0000000083700000, 0x0000000083700000| Untracked 
|  14|0x0000000083800000, 0x0000000083800000, 0x0000000083900000|  0%| F|  |TAMS 0x0000000083800000, 0x0000000083800000| Untracked 
|  15|0x0000000083900000, 0x0000000083900000, 0x0000000083a00000|  0%| F|  |TAMS 0x0000000083900000, 0x0000000083900000| Untracked 
|  16|0x0000000083a00000, 0x0000000083a00000, 0x0000000083b00000|  0%| F|  |TAMS 0x0000000083a00000, 0x0000000083a00000| Untracked 
|  17|0x0000000083b00000, 0x0000000083b00000, 0x0000000083c00000|  0%| F|  |TAMS 0x0000000083b00000, 0x0000000083b00000| Untracked 
|  18|0x0000000083c00000, 0x0000000083c00000, 0x0000000083d00000|  0%| F|  |TAMS 0x0000000083c00000, 0x0000000083c00000| Untracked 
|  19|0x0000000083d00000, 0x0000000083d00000, 0x0000000083e00000|  0%| F|  |TAMS 0x0000000083d00000, 0x0000000083d00000| Untracked 
|  20|0x0000000083e00000, 0x0000000083e00000, 0x0000000083f00000|  0%| F|  |TAMS 0x0000000083e00000, 0x0000000083e00000| Untracked 
|  21|0x0000000083f00000, 0x0000000083f00000, 0x0000000084000000|  0%| F|  |TAMS 0x0000000083f00000, 0x0000000083f00000| Untracked 
|  22|0x0000000084000000, 0x0000000084000000, 0x0000000084100000|  0%| F|  |TAMS 0x0000000084000000, 0x0000000084000000| Untracked 
|  23|0x0000000084100000, 0x0000000084100000, 0x0000000084200000|  0%| F|  |TAMS 0x0000000084100000, 0x0000000084100000| Untracked 
|  24|0x0000000084200000, 0x0000000084200000, 0x0000000084300000|  0%| F|  |TAMS 0x0000000084200000, 0x0000000084200000| Untracked 
|  25|0x0000000084300000, 0x0000000084300000, 0x0000000084400000|  0%| F|  |TAMS 0x0000000084300000, 0x0000000084300000| Untracked 
|  26|0x0000000084400000, 0x0000000084400000, 0x0000000084500000|  0%| F|  |TAMS 0x0000000084400000, 0x0000000084400000| Untracked 
|  27|0x0000000084500000, 0x0000000084500000, 0x0000000084600000|  0%| F|  |TAMS 0x0000000084500000, 0x0000000084500000| Untracked 
|  28|0x0000000084600000, 0x0000000084600000, 0x0000000084700000|  0%| F|  |TAMS 0x0000000084600000, 0x0000000084600000| Untracked 
|  29|0x0000000084700000, 0x0000000084700000, 0x0000000084800000|  0%| F|  |TAMS 0x0000000084700000, 0x0000000084700000| Untracked 
|  30|0x0000000084800000, 0x0000000084800000, 0x0000000084900000|  0%| F|  |TAMS 0x0000000084800000, 0x0000000084800000| Untracked 
|  31|0x0000000084900000, 0x0000000084900000, 0x0000000084a00000|  0%| F|  |TAMS 0x0000000084900000, 0x0000000084900000| Untracked 
|  32|0x0000000084a00000, 0x0000000084a00000, 0x0000000084b00000|  0%| F|  |TAMS 0x0000000084a00000, 0x0000000084a00000| Untracked 
|  33|0x0000000084b00000, 0x0000000084b00000, 0x0000000084c00000|  0%| F|  |TAMS 0x0000000084b00000, 0x0000000084b00000| Untracked 
|  34|0x0000000084c00000, 0x0000000084c00000, 0x0000000084d00000|  0%| F|  |TAMS 0x0000000084c00000, 0x0000000084c00000| Untracked 
|  35|0x0000000084d00000, 0x0000000084d00000, 0x0000000084e00000|  0%| F|  |TAMS 0x0000000084d00000, 0x0000000084d00000| Untracked 
|  36|0x0000000084e00000, 0x0000000084e00000, 0x0000000084f00000|  0%| F|  |TAMS 0x0000000084e00000, 0x0000000084e00000| Untracked 
|  37|0x0000000084f00000, 0x0000000084f00000, 0x0000000085000000|  0%| F|  |TAMS 0x0000000084f00000, 0x0000000084f00000| Untracked 
|  38|0x0000000085000000, 0x0000000085000000, 0x0000000085100000|  0%| F|  |TAMS 0x0000000085000000, 0x0000000085000000| Untracked 
|  39|0x0000000085100000, 0x0000000085100000, 0x0000000085200000|  0%| F|  |TAMS 0x0000000085100000, 0x0000000085100000| Untracked 
|  40|0x0000000085200000, 0x0000000085200000, 0x0000000085300000|  0%| F|  |TAMS 0x0000000085200000, 0x0000000085200000| Untracked 
|  41|0x0000000085300000, 0x0000000085300000, 0x0000000085400000|  0%| F|  |TAMS 0x0000000085300000, 0x0000000085300000| Untracked 
|  42|0x0000000085400000, 0x0000000085400000, 0x0000000085500000|  0%| F|  |TAMS 0x0000000085400000, 0x0000000085400000| Untracked 
|  43|0x0000000085500000, 0x0000000085500000, 0x0000000085600000|  0%| F|  |TAMS 0x0000000085500000, 0x0000000085500000| Untracked 
|  44|0x0000000085600000, 0x0000000085600000, 0x0000000085700000|  0%| F|  |TAMS 0x0000000085600000, 0x0000000085600000| Untracked 
|  45|0x0000000085700000, 0x0000000085700000, 0x0000000085800000|  0%| F|  |TAMS 0x0000000085700000, 0x0000000085700000| Untracked 
|  46|0x0000000085800000, 0x0000000085800000, 0x0000000085900000|  0%| F|  |TAMS 0x0000000085800000, 0x0000000085800000| Untracked 
|  47|0x0000000085900000, 0x0000000085900000, 0x0000000085a00000|  0%| F|  |TAMS 0x0000000085900000, 0x0000000085900000| Untracked 
|  48|0x0000000085a00000, 0x0000000085a00000, 0x0000000085b00000|  0%| F|  |TAMS 0x0000000085a00000, 0x0000000085a00000| Untracked 
|  49|0x0000000085b00000, 0x0000000085b00000, 0x0000000085c00000|  0%| F|  |TAMS 0x0000000085b00000, 0x0000000085b00000| Untracked 
|  50|0x0000000085c00000, 0x0000000085c00000, 0x0000000085d00000|  0%| F|  |TAMS 0x0000000085c00000, 0x0000000085c00000| Untracked 
|  51|0x0000000085d00000, 0x0000000085d00000, 0x0000000085e00000|  0%| F|  |TAMS 0x0000000085d00000, 0x0000000085d00000| Untracked 
|  52|0x0000000085e00000, 0x0000000085e00000, 0x0000000085f00000|  0%| F|  |TAMS 0x0000000085e00000, 0x0000000085e00000| Untracked 
|  53|0x0000000085f00000, 0x0000000085f00000, 0x0000000086000000|  0%| F|  |TAMS 0x0000000085f00000, 0x0000000085f00000| Untracked 
|  54|0x0000000086000000, 0x0000000086000000, 0x0000000086100000|  0%| F|  |TAMS 0x0000000086000000, 0x0000000086000000| Untracked 
|  55|0x0000000086100000, 0x0000000086100000, 0x0000000086200000|  0%| F|  |TAMS 0x0000000086100000, 0x0000000086100000| Untracked 
|  56|0x0000000086200000, 0x0000000086200000, 0x0000000086300000|  0%| F|  |TAMS 0x0000000086200000, 0x0000000086200000| Untracked 
|  57|0x0000000086300000, 0x0000000086300000, 0x0000000086400000|  0%| F|  |TAMS 0x0000000086300000, 0x0000000086300000| Untracked 
|  58|0x0000000086400000, 0x0000000086400000, 0x0000000086500000|  0%| F|  |TAMS 0x0000000086400000, 0x0000000086400000| Untracked 
|  59|0x0000000086500000, 0x0000000086500000, 0x0000000086600000|  0%| F|  |TAMS 0x0000000086500000, 0x0000000086500000| Untracked 
|  60|0x0000000086600000, 0x0000000086600000, 0x0000000086700000|  0%| F|  |TAMS 0x0000000086600000, 0x0000000086600000| Untracked 
|  61|0x0000000086700000, 0x0000000086700000, 0x0000000086800000|  0%| F|  |TAMS 0x0000000086700000, 0x0000000086700000| Untracked 
|  62|0x0000000086800000, 0x0000000086800000, 0x0000000086900000|  0%| F|  |TAMS 0x0000000086800000, 0x0000000086800000| Untracked 
|  63|0x0000000086900000, 0x0000000086900000, 0x0000000086a00000|  0%| F|  |TAMS 0x0000000086900000, 0x0000000086900000| Untracked 
|  64|0x0000000086a00000, 0x0000000086a00000, 0x0000000086b00000|  0%| F|  |TAMS 0x0000000086a00000, 0x0000000086a00000| Untracked 
|  65|0x0000000086b00000, 0x0000000086b00000, 0x0000000086c00000|  0%| F|  |TAMS 0x0000000086b00000, 0x0000000086b00000| Untracked 
|  66|0x0000000086c00000, 0x0000000086c00000, 0x0000000086d00000|  0%| F|  |TAMS 0x0000000086c00000, 0x0000000086c00000| Untracked 
|  67|0x0000000086d00000, 0x0000000086d00000, 0x0000000086e00000|  0%| F|  |TAMS 0x0000000086d00000, 0x0000000086d00000| Untracked 
|  68|0x0000000086e00000, 0x0000000086e00000, 0x0000000086f00000|  0%| F|  |TAMS 0x0000000086e00000, 0x0000000086e00000| Untracked 
|  69|0x0000000086f00000, 0x0000000086f00000, 0x0000000087000000|  0%| F|  |TAMS 0x0000000086f00000, 0x0000000086f00000| Untracked 
|  70|0x0000000087000000, 0x0000000087000000, 0x0000000087100000|  0%| F|  |TAMS 0x0000000087000000, 0x0000000087000000| Untracked 
|  71|0x0000000087100000, 0x0000000087100000, 0x0000000087200000|  0%| F|  |TAMS 0x0000000087100000, 0x0000000087100000| Untracked 
|  72|0x0000000087200000, 0x0000000087200000, 0x0000000087300000|  0%| F|  |TAMS 0x0000000087200000, 0x0000000087200000| Untracked 
|  73|0x0000000087300000, 0x0000000087300000, 0x0000000087400000|  0%| F|  |TAMS 0x0000000087300000, 0x0000000087300000| Untracked 
|  74|0x0000000087400000, 0x0000000087400000, 0x0000000087500000|  0%| F|  |TAMS 0x0000000087400000, 0x0000000087400000| Untracked 
|  75|0x0000000087500000, 0x0000000087500000, 0x0000000087600000|  0%| F|  |TAMS 0x0000000087500000, 0x0000000087500000| Untracked 
|  76|0x0000000087600000, 0x0000000087600000, 0x0000000087700000|  0%| F|  |TAMS 0x0000000087600000, 0x0000000087600000| Untracked 
|  77|0x0000000087700000, 0x0000000087700000, 0x0000000087800000|  0%| F|  |TAMS 0x0000000087700000, 0x0000000087700000| Untracked 
|  78|0x0000000087800000, 0x0000000087800000, 0x0000000087900000|  0%| F|  |TAMS 0x0000000087800000, 0x0000000087800000| Untracked 
|  79|0x0000000087900000, 0x0000000087900000, 0x0000000087a00000|  0%| F|  |TAMS 0x0000000087900000, 0x0000000087900000| Untracked 
|  80|0x0000000087a00000, 0x0000000087a00000, 0x0000000087b00000|  0%| F|  |TAMS 0x0000000087a00000, 0x0000000087a00000| Untracked 
|  81|0x0000000087b00000, 0x0000000087b00000, 0x0000000087c00000|  0%| F|  |TAMS 0x0000000087b00000, 0x0000000087b00000| Untracked 
|  82|0x0000000087c00000, 0x0000000087c00000, 0x0000000087d00000|  0%| F|  |TAMS 0x0000000087c00000, 0x0000000087c00000| Untracked 
|  83|0x0000000087d00000, 0x0000000087d00000, 0x0000000087e00000|  0%| F|  |TAMS 0x0000000087d00000, 0x0000000087d00000| Untracked 
|  84|0x0000000087e00000, 0x0000000087e00000, 0x0000000087f00000|  0%| F|  |TAMS 0x0000000087e00000, 0x0000000087e00000| Untracked 
|  85|0x0000000087f00000, 0x0000000087f00000, 0x0000000088000000|  0%| F|  |TAMS 0x0000000087f00000, 0x0000000087f00000| Untracked 
|  86|0x0000000088000000, 0x0000000088000000, 0x0000000088100000|  0%| F|  |TAMS 0x0000000088000000, 0x0000000088000000| Untracked 
|  87|0x0000000088100000, 0x0000000088100000, 0x0000000088200000|  0%| F|  |TAMS 0x0000000088100000, 0x0000000088100000| Untracked 
|  88|0x0000000088200000, 0x0000000088200000, 0x0000000088300000|  0%| F|  |TAMS 0x0000000088200000, 0x0000000088200000| Untracked 
|  89|0x0000000088300000, 0x0000000088300000, 0x0000000088400000|  0%| F|  |TAMS 0x0000000088300000, 0x0000000088300000| Untracked 
|  90|0x0000000088400000, 0x0000000088400000, 0x0000000088500000|  0%| F|  |TAMS 0x0000000088400000, 0x0000000088400000| Untracked 
|  91|0x0000000088500000, 0x0000000088500000, 0x0000000088600000|  0%| F|  |TAMS 0x0000000088500000, 0x0000000088500000| Untracked 
|  92|0x0000000088600000, 0x0000000088600000, 0x0000000088700000|  0%| F|  |TAMS 0x0000000088600000, 0x0000000088600000| Untracked 
|  93|0x0000000088700000, 0x0000000088700000, 0x0000000088800000|  0%| F|  |TAMS 0x0000000088700000, 0x0000000088700000| Untracked 
|  94|0x0000000088800000, 0x0000000088800000, 0x0000000088900000|  0%| F|  |TAMS 0x0000000088800000, 0x0000000088800000| Untracked 
|  95|0x0000000088900000, 0x0000000088900000, 0x0000000088a00000|  0%| F|  |TAMS 0x0000000088900000, 0x0000000088900000| Untracked 
|  96|0x0000000088a00000, 0x0000000088a00000, 0x0000000088b00000|  0%| F|  |TAMS 0x0000000088a00000, 0x0000000088a00000| Untracked 
|  97|0x0000000088b00000, 0x0000000088b00000, 0x0000000088c00000|  0%| F|  |TAMS 0x0000000088b00000, 0x0000000088b00000| Untracked 
|  98|0x0000000088c00000, 0x0000000088c00000, 0x0000000088d00000|  0%| F|  |TAMS 0x0000000088c00000, 0x0000000088c00000| Untracked 
|  99|0x0000000088d00000, 0x0000000088d00000, 0x0000000088e00000|  0%| F|  |TAMS 0x0000000088d00000, 0x0000000088d00000| Untracked 
| 100|0x0000000088e00000, 0x0000000088e00000, 0x0000000088f00000|  0%| F|  |TAMS 0x0000000088e00000, 0x0000000088e00000| Untracked 
| 101|0x0000000088f00000, 0x0000000088f00000, 0x0000000089000000|  0%| F|  |TAMS 0x0000000088f00000, 0x0000000088f00000| Untracked 
| 102|0x0000000089000000, 0x0000000089000000, 0x0000000089100000|  0%| F|  |TAMS 0x0000000089000000, 0x0000000089000000| Untracked 
| 103|0x0000000089100000, 0x0000000089100000, 0x0000000089200000|  0%| F|  |TAMS 0x0000000089100000, 0x0000000089100000| Untracked 
| 104|0x0000000089200000, 0x0000000089200000, 0x0000000089300000|  0%| F|  |TAMS 0x0000000089200000, 0x0000000089200000| Untracked 
| 105|0x0000000089300000, 0x0000000089300000, 0x0000000089400000|  0%| F|  |TAMS 0x0000000089300000, 0x0000000089300000| Untracked 
| 106|0x0000000089400000, 0x0000000089400000, 0x0000000089500000|  0%| F|  |TAMS 0x0000000089400000, 0x0000000089400000| Untracked 
| 107|0x0000000089500000, 0x0000000089500000, 0x0000000089600000|  0%| F|  |TAMS 0x0000000089500000, 0x0000000089500000| Untracked 
| 108|0x0000000089600000, 0x0000000089600000, 0x0000000089700000|  0%| F|  |TAMS 0x0000000089600000, 0x0000000089600000| Untracked 
| 109|0x0000000089700000, 0x0000000089700000, 0x0000000089800000|  0%| F|  |TAMS 0x0000000089700000, 0x0000000089700000| Untracked 
| 110|0x0000000089800000, 0x0000000089800000, 0x0000000089900000|  0%| F|  |TAMS 0x0000000089800000, 0x0000000089800000| Untracked 
| 111|0x0000000089900000, 0x0000000089900000, 0x0000000089a00000|  0%| F|  |TAMS 0x0000000089900000, 0x0000000089900000| Untracked 
| 112|0x0000000089a00000, 0x0000000089a00000, 0x0000000089b00000|  0%| F|  |TAMS 0x0000000089a00000, 0x0000000089a00000| Untracked 
| 113|0x0000000089b00000, 0x0000000089b00000, 0x0000000089c00000|  0%| F|  |TAMS 0x0000000089b00000, 0x0000000089b00000| Untracked 
| 114|0x0000000089c00000, 0x0000000089c00000, 0x0000000089d00000|  0%| F|  |TAMS 0x0000000089c00000, 0x0000000089c00000| Untracked 
| 115|0x0000000089d00000, 0x0000000089dec168, 0x0000000089e00000| 92%| E|  |TAMS 0x0000000089d00000, 0x0000000089d00000| Complete 
| 116|0x0000000089e00000, 0x0000000089f00000, 0x0000000089f00000|100%| E|CS|TAMS 0x0000000089e00000, 0x0000000089e00000| Complete 
| 117|0x0000000089f00000, 0x000000008a000000, 0x000000008a000000|100%| E|CS|TAMS 0x0000000089f00000, 0x0000000089f00000| Complete 
| 118|0x000000008a000000, 0x000000008a100000, 0x000000008a100000|100%| E|CS|TAMS 0x000000008a000000, 0x000000008a000000| Complete 
| 119|0x000000008a100000, 0x000000008a200000, 0x000000008a200000|100%| E|CS|TAMS 0x000000008a100000, 0x000000008a100000| Complete 
| 120|0x000000008a200000, 0x000000008a300000, 0x000000008a300000|100%| E|CS|TAMS 0x000000008a200000, 0x000000008a200000| Complete 
| 121|0x000000008a300000, 0x000000008a400000, 0x000000008a400000|100%| E|CS|TAMS 0x000000008a300000, 0x000000008a300000| Complete 
| 122|0x000000008a400000, 0x000000008a500000, 0x000000008a500000|100%| E|CS|TAMS 0x000000008a400000, 0x000000008a400000| Complete 
| 123|0x000000008a500000, 0x000000008a600000, 0x000000008a600000|100%| E|CS|TAMS 0x000000008a500000, 0x000000008a500000| Complete 
| 124|0x000000008a600000, 0x000000008a700000, 0x000000008a700000|100%| E|CS|TAMS 0x000000008a600000, 0x000000008a600000| Complete 
| 125|0x000000008a700000, 0x000000008a800000, 0x000000008a800000|100%| E|CS|TAMS 0x000000008a700000, 0x000000008a700000| Complete 

Card table byte_map: [0x00000293fc620000,0x00000293fca10000] _byte_map_base: 0x00000293fc20b000

Marking Bits (Prev, Next): (CMBitMap*) 0x00000293f9f31d80, (CMBitMap*) 0x00000293f9f31dc0
 Prev Bits: [0x00000293fce00000, 0x00000293fed58000)
 Next Bits: [0x0000029396870000, 0x00000293987c8000)

Polling page: 0x00000293f9fa0000

Metaspace:

Usage:
  Non-class:      8.56 MB used.
      Class:      1.12 MB used.
       Both:      9.68 MB used.

Virtual space:
  Non-class space:       64.00 MB reserved,       8.62 MB ( 13%) committed,  1 nodes.
      Class space:        1.00 GB reserved,       1.25 MB ( <1%) committed,  1 nodes.
             Both:        1.06 GB reserved,       9.88 MB ( <1%) committed. 

Chunk freelists:
   Non-Class:  3.01 MB
       Class:  2.74 MB
        Both:  5.75 MB

MaxMetaspaceSize: unlimited
CompressedClassSpaceSize: 1.00 GB
Initial GC threshold: 21.00 MB
Current GC threshold: 21.00 MB
CDS: on
MetaspaceReclaimPolicy: balanced
 - commit_granule_bytes: 65536.
 - commit_granule_words: 8192.
 - virtual_space_node_default_size: 8388608.
 - enlarge_chunks_in_place: 1.
 - new_chunks_are_fully_committed: 0.
 - uncommit_free_chunks: 1.
 - use_allocation_guard: 0.


Internal statistics:

num_allocs_failed_limit: 0.
num_arena_births: 118.
num_arena_deaths: 0.
num_vsnodes_births: 2.
num_vsnodes_deaths: 0.
num_space_committed: 158.
num_space_uncommitted: 0.
num_chunks_returned_to_freelist: 0.
num_chunks_taken_from_freelist: 159.
num_chunk_merges: 0.
num_chunk_splits: 97.
num_chunks_enlarged: 49.
num_inconsistent_stats: 0.

CodeHeap 'non-profiled nmethods': size=120000Kb used=448Kb max_used=448Kb free=119551Kb
 bounds [0x000002938f340000, 0x000002938f5b0000, 0x0000029396870000]
CodeHeap 'profiled nmethods': size=120000Kb used=2639Kb max_used=2639Kb free=117360Kb
 bounds [0x0000029387e10000, 0x00000293880b0000, 0x000002938f340000]
CodeHeap 'non-nmethods': size=5760Kb used=1304Kb max_used=1363Kb free=4456Kb
 bounds [0x0000029387870000, 0x0000029387ae0000, 0x0000029387e10000]
 total_blobs=2078 nmethods=1451 adapters=539
 compilation: enabled
              stopped_count=0, restarted_count=0
 full_count=0

Compilation events (20 events):
Event: 25.106 Thread 0x00000293ff7d7300 nmethod 1442 0x000002938f3ac890 code [0x000002938f3aca20, 0x000002938f3acaf8]
Event: 26.568 Thread 0x00000293ff7d7300 1443   !   3       java.awt.Container::getMouseEventTargetImpl (255 bytes)
Event: 26.568 Thread 0x00000293ff7d7300 nmethod 1443 0x00000293880a0190 code [0x00000293880a0440, 0x00000293880a17a8]
Event: 26.692 Thread 0x00000293ff7d5c60 1444       4       java.awt.Container::getMouseEventTarget (50 bytes)
Event: 26.702 Thread 0x00000293ff7d5c60 nmethod 1444 0x000002938f3acb90 code [0x000002938f3acde0, 0x000002938f3add48]
Event: 26.986 Thread 0x00000293ff7d5c60 1445       4       java.security.AccessController::checkContext (49 bytes)
Event: 26.986 Thread 0x00000293ff7d5c60 nmethod 1445 0x000002938f3aea10 code [0x000002938f3aeb80, 0x000002938f3aebd8]
Event: 27.000 Thread 0x00000293ff7d5c60 1446       4       java.security.ProtectionDomain$JavaSecurityAccessImpl::getCombinedACC (30 bytes)
Event: 27.002 Thread 0x00000293ff7d5c60 nmethod 1446 0x000002938f3aed10 code [0x000002938f3aeee0, 0x000002938f3af270]
Event: 27.002 Thread 0x00000293ff7d5c60 1447       4       java.security.AccessControlContext::<init> (63 bytes)
Event: 27.003 Thread 0x00000293ff7d5c60 nmethod 1447 0x000002938f3af690 code [0x000002938f3af800, 0x000002938f3afaf8]
Event: 27.746 Thread 0x00000293ff7d7300 1448       3       sun.java2d.SunGraphics2D::getRenderingHint (220 bytes)
Event: 27.747 Thread 0x00000293ff7d7300 nmethod 1448 0x00000293880a1e10 code [0x00000293880a2120, 0x00000293880a3188]
Event: 27.747 Thread 0x00000293ff7d7300 1449       3       sun.java2d.SurfaceData::getTransparency (8 bytes)
Event: 27.747 Thread 0x00000293ff7d7300 nmethod 1449 0x00000293880a3810 code [0x00000293880a39c0, 0x00000293880a3ba8]
Event: 27.747 Thread 0x00000293ff7d7300 1450       1       sun.font.GlyphList::getNumGlyphs (5 bytes)
Event: 27.747 Thread 0x00000293ff7d7300 nmethod 1450 0x000002938f3afc10 code [0x000002938f3afda0, 0x000002938f3afe78]
Event: 27.747 Thread 0x00000293ff7d7300 1451       1       sun.awt.image.VolatileSurfaceManager::contentsLost (5 bytes)
Event: 27.747 Thread 0x00000293ff7d7300 nmethod 1451 0x000002938f3aff10 code [0x000002938f3b00a0, 0x000002938f3b0178]
Event: 134.863 Thread 0x00000293ff7d5c60 1452       4       sun.awt.SunToolkit::targetToAppContext (30 bytes)

GC Heap History (0 events):
No events

Deoptimization events (20 events):
Event: 3.972 Thread 0x000002939ebcef60 Uncommon trap: trap_request=0xffffffde fr.pc=0x000002938f35cca8 relative=0x00000000000001a8
Event: 3.972 Thread 0x000002939ebcef60 Uncommon trap: reason=class_check action=maybe_recompile pc=0x000002938f35cca8 method=java.lang.String.equals(Ljava/lang/Object;)Z @ 8 c2
Event: 3.972 Thread 0x000002939ebcef60 DEOPT PACKING pc=0x000002938f35cca8 sp=0x000000f6a2cfdc10
Event: 3.972 Thread 0x000002939ebcef60 DEOPT UNPACKING pc=0x00000293878c23a3 sp=0x000000f6a2cfdbb8 mode 2
Event: 8.278 Thread 0x000002939ebcef60 Uncommon trap: trap_request=0xffffff45 fr.pc=0x000002938f381ea4 relative=0x0000000000000824
Event: 8.278 Thread 0x000002939ebcef60 Uncommon trap: reason=unstable_if action=reinterpret pc=0x000002938f381ea4 method=java.awt.Container.findComponentAtImpl(IIZ)Ljava/awt/Component; @ 131 c2
Event: 8.278 Thread 0x000002939ebcef60 DEOPT PACKING pc=0x000002938f381ea4 sp=0x000000f6a2cfe800
Event: 8.278 Thread 0x000002939ebcef60 DEOPT UNPACKING pc=0x00000293878c23a3 sp=0x000000f6a2cfe7a0 mode 2
Event: 12.623 Thread 0x000002939ebcef60 Uncommon trap: trap_request=0xffffff45 fr.pc=0x000002938f398998 relative=0x0000000000000eb8
Event: 12.623 Thread 0x000002939ebcef60 Uncommon trap: reason=unstable_if action=reinterpret pc=0x000002938f398998 method=java.awt.Container.getMouseEventTargetImpl(IIZLjava/awt/Container$EventTargetFilter;ZZ)Ljava/awt/Component; @ 218 c2
Event: 12.623 Thread 0x000002939ebcef60 DEOPT PACKING pc=0x000002938f398998 sp=0x000000f6a2cfe6a0
Event: 12.623 Thread 0x000002939ebcef60 DEOPT UNPACKING pc=0x00000293878c23a3 sp=0x000000f6a2cfe638 mode 2
Event: 130.481 Thread 0x000002939ebcef60 Uncommon trap: trap_request=0xffffff45 fr.pc=0x000002938f3a1ff4 relative=0x00000000000031d4
Event: 130.481 Thread 0x000002939ebcef60 Uncommon trap: reason=unstable_if action=reinterpret pc=0x000002938f3a1ff4 method=java.awt.EventQueue.getPriority(Ljava/awt/AWTEvent;)I @ 4 c2
Event: 130.481 Thread 0x000002939ebcef60 DEOPT PACKING pc=0x000002938f3a1ff4 sp=0x000000f6a2cfe660
Event: 130.481 Thread 0x000002939ebcef60 DEOPT UNPACKING pc=0x00000293878c23a3 sp=0x000000f6a2cfe528 mode 2
Event: 130.481 Thread 0x000002939ebcef60 Uncommon trap: trap_request=0xffffff45 fr.pc=0x000002938f3a8114 relative=0x0000000000000074
Event: 130.481 Thread 0x000002939ebcef60 Uncommon trap: reason=unstable_if action=reinterpret pc=0x000002938f3a8114 method=java.awt.EventQueue.eventToCacheIndex(Ljava/awt/AWTEvent;)I @ 71 c2
Event: 130.481 Thread 0x000002939ebcef60 DEOPT PACKING pc=0x000002938f3a8114 sp=0x000000f6a2cfe3c0
Event: 130.481 Thread 0x000002939ebcef60 DEOPT UNPACKING pc=0x00000293878c23a3 sp=0x000000f6a2cfe360 mode 2

Classes loaded (20 events):
Event: 7.955 Loading class javax/swing/PopupFactory$ContainerPopup done
Event: 7.955 Loading class javax/swing/PopupFactory$LightWeightPopup done
Event: 7.955 Loading class javax/swing/JDialog
Event: 7.955 Loading class javax/swing/JDialog done
Event: 7.956 Loading class javax/swing/JApplet
Event: 7.956 Loading class javax/swing/JApplet done
Event: 7.964 Loading class sun/awt/UngrabEvent
Event: 7.964 Loading class sun/awt/UngrabEvent done
Event: 8.567 Loading class javax/swing/plaf/basic/BasicPopupMenuUI$MouseGrabber$2
Event: 8.568 Loading class javax/swing/plaf/basic/BasicPopupMenuUI$MouseGrabber$2 done
Event: 12.623 Loading class java/awt/LightweightDispatcher$2
Event: 12.623 Loading class java/awt/LightweightDispatcher$2 done
Event: 27.002 Loading class java/security/DomainCombiner
Event: 27.002 Loading class java/security/DomainCombiner done
Event: 130.475 Loading class java/util/WeakHashMap$KeyIterator
Event: 130.480 Loading class java/util/WeakHashMap$HashIterator
Event: 130.480 Loading class java/util/WeakHashMap$HashIterator done
Event: 130.480 Loading class java/util/WeakHashMap$KeyIterator done
Event: 130.481 Loading class javax/swing/RepaintManager$DisplayChangedRunnable
Event: 130.481 Loading class javax/swing/RepaintManager$DisplayChangedRunnable done

Classes unloaded (0 events):
No events

Classes redefined (0 events):
No events

Internal exceptions (12 events):
Event: 0.118 Thread 0x00000293f9ecea60 Exception <a 'java/lang/ClassNotFoundException'{0x000000008a6338a0}: sun/awt/resources/spi/awtProvider> (0x000000008a6338a0) 
thrown [s\open\src\hotspot\share\classfile\systemDictionary.cpp, line 255]
Event: 0.155 Thread 0x00000293f9ecea60 Exception <a 'java/io/FileNotFoundException'{0x000000008a692f38}> (0x000000008a692f38) 
thrown [s\open\src\hotspot\share\prims\jni.cpp, line 516]
Event: 0.163 Thread 0x00000293f9ecea60 Exception <a 'java/io/FileNotFoundException'{0x000000008a6bfee0}> (0x000000008a6bfee0) 
thrown [s\open\src\hotspot\share\prims\jni.cpp, line 516]
Event: 0.218 Thread 0x00000293f9ecea60 Exception <a 'java/lang/NoSuchMethodError'{0x000000008a500b80}: 'java.lang.Object java.lang.invoke.DirectMethodHandle$Holder.invokeStaticInit(java.lang.Object)'> (0x000000008a500b80) 
thrown [s\open\src\hotspot\share\interpreter\linkResolver.cpp, line 759]
Event: 0.299 Thread 0x000002939ebcef60 Exception <a 'java/lang/NoSuchMethodError'{0x000000008a43f9b8}: 'void java.lang.invoke.DirectMethodHandle$Holder.invokeSpecial(java.lang.Object, java.lang.Object, java.lang.Object)'> (0x000000008a43f9b8) 
thrown [s\open\src\hotspot\share\interpreter\linkResolver.cpp, line 759]
Event: 0.309 Thread 0x000002939ebcef60 Exception <a 'java/lang/NoSuchMethodError'{0x000000008a46aad8}: 'java.lang.Object java.lang.invoke.DirectMethodHandle$Holder.newInvokeSpecial(java.lang.Object, java.lang.Object, java.lang.Object, java.lang.Object, java.lang.Object)'> (0x000000008a46aad8) 
thrown [s\open\src\hotspot\share\interpreter\linkResolver.cpp, line 759]
Event: 0.315 Thread 0x000002939ebcef60 Exception <a 'java/lang/NoSuchMethodError'{0x000000008a49c830}: 'java.lang.Object java.lang.invoke.DirectMethodHandle$Holder.invokeStatic(java.lang.Object, int, java.lang.Object)'> (0x000000008a49c830) 
thrown [s\open\src\hotspot\share\interpreter\linkResolver.cpp, line 759]
Event: 0.337 Thread 0x000002939ebcef60 Exception <a 'java/lang/ClassNotFoundException'{0x000000008a359c38}: com/sun/swing/internal/plaf/metal/resources/spi/metalProvider> (0x000000008a359c38) 
thrown [s\open\src\hotspot\share\classfile\systemDictionary.cpp, line 255]
Event: 0.339 Thread 0x000002939ebcef60 Exception <a 'java/lang/ClassNotFoundException'{0x000000008a35dca0}: com/sun/swing/internal/plaf/basic/resources/spi/basicProvider> (0x000000008a35dca0) 
thrown [s\open\src\hotspot\share\classfile\systemDictionary.cpp, line 255]
Event: 0.350 Thread 0x000002939ebcef60 Exception <a 'java/lang/NoSuchMethodError'{0x000000008a37ed30}: 'int java.lang.invoke.Invokers$Holder.invokeExact_MT(java.lang.Object, java.lang.Object)'> (0x000000008a37ed30) 
thrown [s\open\src\hotspot\share\interpreter\linkResolver.cpp, line 759]
Event: 0.535 Thread 0x000002939ea0f860 Exception <a 'java/lang/NoSuchMethodError'{0x000000008a585b10}: 'void java.lang.invoke.DirectMethodHandle$Holder.invokeVirtual(java.lang.Object, java.lang.Object)'> (0x000000008a585b10) 
thrown [s\open\src\hotspot\share\interpreter\linkResolver.cpp, line 759]
Event: 0.555 Thread 0x000002939ebcef60 Exception <a 'java/lang/NoSuchMethodError'{0x000000008a26c730}: 'void java.lang.invoke.DirectMethodHandle$Holder.invokeStaticInit(java.lang.Object)'> (0x000000008a26c730) 
thrown [s\open\src\hotspot\share\interpreter\linkResolver.cpp, line 759]

VM Operations (20 events):
Event: 7.955 Executing VM operation: HandshakeAllThreads
Event: 7.955 Executing VM operation: HandshakeAllThreads done
Event: 8.957 Executing VM operation: Cleanup
Event: 8.957 Executing VM operation: Cleanup done
Event: 9.971 Executing VM operation: Cleanup
Event: 9.971 Executing VM operation: Cleanup done
Event: 10.982 Executing VM operation: Cleanup
Event: 10.982 Executing VM operation: Cleanup done
Event: 11.997 Executing VM operation: Cleanup
Event: 11.997 Executing VM operation: Cleanup done
Event: 13.010 Executing VM operation: Cleanup
Event: 13.010 Executing VM operation: Cleanup done
Event: 25.114 Executing VM operation: Cleanup
Event: 25.114 Executing VM operation: Cleanup done
Event: 27.143 Executing VM operation: Cleanup
Event: 27.143 Executing VM operation: Cleanup done
Event: 28.151 Executing VM operation: Cleanup
Event: 28.151 Executing VM operation: Cleanup done
Event: 131.243 Executing VM operation: Cleanup
Event: 131.243 Executing VM operation: Cleanup done

Events (20 events):
Event: 0.074 Thread 0x00000293ff7cfbf0 Thread added: 0x00000293ff7cfbf0
Event: 0.074 Thread 0x00000293ff7d4140 Thread added: 0x00000293ff7d4140
Event: 0.074 Thread 0x00000293ff7d5c60 Thread added: 0x00000293ff7d5c60
Event: 0.074 Thread 0x00000293ff7d7300 Thread added: 0x00000293ff7d7300
Event: 0.075 Thread 0x00000293ff7e83b0 Thread added: 0x00000293ff7e83b0
Event: 0.095 Thread 0x000002939e9c1350 Thread added: 0x000002939e9c1350
Event: 0.101 Thread 0x000002939e9ca470 Thread added: 0x000002939e9ca470
Event: 0.130 Loaded shared library C:\Program Files\Java\jdk-18.0.2.1\bin\jimage.dll
Event: 0.139 Loaded shared library C:\Program Files\Java\jdk-18.0.2.1\bin\awt.dll
Event: 0.219 Thread 0x000002939ebd10d0 Thread added: 0x000002939ebd10d0
Event: 0.220 Thread 0x000002939ebd1590 Thread added: 0x000002939ebd1590
Event: 0.221 Thread 0x000002939ea0f860 Thread added: 0x000002939ea0f860
Event: 0.236 Thread 0x000002939ebcef60 Thread added: 0x000002939ebcef60
Event: 0.237 Thread 0x00000293f9ecea60 Thread exited: 0x00000293f9ecea60
Event: 0.237 Thread 0x00000293f9ecea60 Thread added: 0x00000293f9ecea60
Event: 0.451 Loaded shared library C:\Program Files\Java\jdk-18.0.2.1\bin\freetype.dll
Event: 0.452 Loaded shared library C:\Program Files\Java\jdk-18.0.2.1\bin\fontmanager.dll
Event: 0.482 Loaded shared library C:\Program Files\Java\jdk-18.0.2.1\bin\net.dll
Event: 0.484 Loaded shared library C:\Program Files\Java\jdk-18.0.2.1\bin\nio.dll
Event: 0.505 Thread 0x000002939ecf4010 Thread added: 0x000002939ecf4010


Dynamic libraries:
0x00007ff6fdde0000 - 0x00007ff6fddf0000 	C:\Program Files\Java\jdk-18.0.2.1\bin\javaw.exe
0x00007ffd69840000 - 0x00007ffd69a49000 	C:\Windows\SYSTEM32\ntdll.dll
0x00007ffd67e10000 - 0x00007ffd67ece000 	C:\Windows\System32\KERNEL32.DLL
0x00007ffd67220000 - 0x00007ffd6759b000 	C:\Windows\System32\KERNELBASE.dll
0x00007ffd670d0000 - 0x00007ffd671e1000 	C:\Windows\System32\ucrtbase.dll
0x00007ffd3fbf0000 - 0x00007ffd3fc08000 	C:\Program Files\Java\jdk-18.0.2.1\bin\jli.dll
0x00007ffd3fc10000 - 0x00007ffd3fc2a000 	C:\Program Files\Java\jdk-18.0.2.1\bin\VCRUNTIME140.dll
0x00007ffd693b0000 - 0x00007ffd6945e000 	C:\Windows\System32\ADVAPI32.dll
0x00007ffd68e90000 - 0x00007ffd68f33000 	C:\Windows\System32\msvcrt.dll
0x00007ffd694a0000 - 0x00007ffd6953e000 	C:\Windows\System32\sechost.dll
0x00007ffd67780000 - 0x00007ffd678a0000 	C:\Windows\System32\RPCRT4.dll
0x00007ffd69580000 - 0x00007ffd6972d000 	C:\Windows\System32\USER32.dll
0x00007ffd4a920000 - 0x00007ffd4abc5000 	C:\Windows\WinSxS\amd64_microsoft.windows.common-controls_6595b64144ccf1df_6.0.22000.120_none_9d947278b86cc467\COMCTL32.dll
0x00007ffd671f0000 - 0x00007ffd67216000 	C:\Windows\System32\win32u.dll
0x00007ffd69550000 - 0x00007ffd69579000 	C:\Windows\System32\GDI32.dll
0x00007ffd66ef0000 - 0x00007ffd67008000 	C:\Windows\System32\gdi32full.dll
0x00007ffd67620000 - 0x00007ffd676bd000 	C:\Windows\System32\msvcp_win.dll
0x00007ffd60fa0000 - 0x00007ffd60faa000 	C:\Windows\SYSTEM32\VERSION.dll
0x00007ffd67740000 - 0x00007ffd67772000 	C:\Windows\System32\IMM32.DLL
0x00007ffd3fbe0000 - 0x00007ffd3fbec000 	C:\Program Files\Java\jdk-18.0.2.1\bin\vcruntime140_1.dll
0x00007ffd3d370000 - 0x00007ffd3d3fd000 	C:\Program Files\Java\jdk-18.0.2.1\bin\msvcp140.dll
0x00007ffc9baf0000 - 0x00007ffc9c701000 	C:\Program Files\Java\jdk-18.0.2.1\bin\server\jvm.dll
0x00007ffd69490000 - 0x00007ffd69498000 	C:\Windows\System32\PSAPI.DLL
0x00007ffd3d0b0000 - 0x00007ffd3d0b9000 	C:\Windows\SYSTEM32\WSOCK32.dll
0x00007ffd5f430000 - 0x00007ffd5f463000 	C:\Windows\SYSTEM32\WINMM.dll
0x00007ffd69790000 - 0x00007ffd697ff000 	C:\Windows\System32\WS2_32.dll
0x00007ffd65e40000 - 0x00007ffd65e58000 	C:\Windows\SYSTEM32\kernel.appcore.dll
0x00007ffd3cdc0000 - 0x00007ffd3cdca000 	C:\Program Files\Java\jdk-18.0.2.1\bin\jimage.dll
0x00007ffd647d0000 - 0x00007ffd649f1000 	C:\Windows\SYSTEM32\DBGHELP.DLL
0x00007ffd4e550000 - 0x00007ffd4e581000 	C:\Windows\SYSTEM32\dbgcore.DLL
0x00007ffd675a0000 - 0x00007ffd6761f000 	C:\Windows\System32\bcryptPrimitives.dll
0x00007ffcfd6a0000 - 0x00007ffcfd6c5000 	C:\Program Files\Java\jdk-18.0.2.1\bin\java.dll
0x00007ffc9f560000 - 0x00007ffc9f636000 	C:\Program Files\Java\jdk-18.0.2.1\bin\jsvml.dll
0x00007ffd68650000 - 0x00007ffd68e08000 	C:\Windows\System32\SHELL32.dll
0x00007ffd64dd0000 - 0x00007ffd65635000 	C:\Windows\SYSTEM32\windows.storage.dll
0x00007ffd68270000 - 0x00007ffd685e8000 	C:\Windows\System32\combase.dll
0x00007ffd64c60000 - 0x00007ffd64dc6000 	C:\Windows\SYSTEM32\wintypes.dll
0x00007ffd67ee0000 - 0x00007ffd67fca000 	C:\Windows\System32\SHCORE.dll
0x00007ffd685f0000 - 0x00007ffd6864d000 	C:\Windows\System32\shlwapi.dll
0x00007ffd66c40000 - 0x00007ffd66c61000 	C:\Windows\SYSTEM32\profapi.dll
0x00007ffd3bc30000 - 0x00007ffd3bdbf000 	C:\Program Files\Java\jdk-18.0.2.1\bin\awt.dll
0x00007ffd67fd0000 - 0x00007ffd680a6000 	C:\Windows\System32\OLEAUT32.dll
0x00007ffd63e30000 - 0x00007ffd63ec2000 	C:\Windows\SYSTEM32\apphelp.dll
0x00007ffd64000000 - 0x00007ffd640ac000 	C:\Windows\system32\uxtheme.dll
0x00007ffd67cf0000 - 0x00007ffd67e0d000 	C:\Windows\System32\MSCTF.dll
0x00007ffd67990000 - 0x00007ffd67b2a000 	C:\Windows\System32\ole32.dll
0x00007ffd64360000 - 0x00007ffd6438f000 	C:\Windows\system32\DWMAPI.DLL
0x00007ffd30ab0000 - 0x00007ffd30bb1000 	C:\Windows\system32\opengl32.dll
0x00007ffd3f740000 - 0x00007ffd3f76d000 	C:\Windows\SYSTEM32\GLU32.dll
0x00007ffd64110000 - 0x00007ffd64148000 	C:\Windows\SYSTEM32\dxcore.dll
0x00007ffd3d2e0000 - 0x00007ffd3d366000 	C:\Program Files\Java\jdk-18.0.2.1\bin\freetype.dll
0x00007ffd3bb80000 - 0x00007ffd3bc28000 	C:\Program Files\Java\jdk-18.0.2.1\bin\fontmanager.dll
0x00007ffd15930000 - 0x00007ffd15943000 	C:\Program Files\Java\jdk-18.0.2.1\bin\net.dll
0x00007ffd60e50000 - 0x00007ffd60f64000 	C:\Windows\SYSTEM32\WINHTTP.dll
0x00007ffd662e0000 - 0x00007ffd66347000 	C:\Windows\system32\mswsock.dll
0x00007ffcfe720000 - 0x00007ffcfe736000 	C:\Program Files\Java\jdk-18.0.2.1\bin\nio.dll
0x00007ffd67b30000 - 0x00007ffd67be5000 	C:\Windows\System32\clbcatq.dll
0x00007ffd5f770000 - 0x00007ffd5f91e000 	C:\Windows\SYSTEM32\WindowsCodecs.dll
0x00007ffd3e880000 - 0x00007ffd3e8dd000 	C:\Windows\system32\dataexchange.dll
0x00007ffd5ec90000 - 0x00007ffd5eef6000 	C:\Windows\system32\twinapi.appcore.dll
0x00007ffd4daa0000 - 0x00007ffd4dbcd000 	C:\Windows\SYSTEM32\textinputframework.dll
0x00007ffd63a40000 - 0x00007ffd63b71000 	C:\Windows\SYSTEM32\CoreMessaging.dll
0x00007ffd61310000 - 0x00007ffd6167d000 	C:\Windows\SYSTEM32\CoreUIComponents.dll
0x00007ffd66540000 - 0x00007ffd6654c000 	C:\Windows\SYSTEM32\CRYPTBASE.DLL
0x00007ffd4e4a0000 - 0x00007ffd4e54e000 	C:\Windows\SYSTEM32\TextShaping.dll

dbghelp: loaded successfully - version: 4.0.5 - missing functions: none
symbol engine: initialized successfully - sym options: 0x614 - pdb path: .;C:\Program Files\Java\jdk-18.0.2.1\bin;C:\Windows\SYSTEM32;C:\Windows\WinSxS\amd64_microsoft.windows.common-controls_6595b64144ccf1df_6.0.22000.120_none_9d947278b86cc467;C:\Program Files\Java\jdk-18.0.2.1\bin\server

VM Arguments:
jvm_args: -Dfile.encoding=UTF-8 -XX:+ShowCodeDetailsInExceptionMessages 
java_command: programmePrincipal.ProgrammePrincipal
java_class_path (initial): C:\Users\Jonathan\Dropbox\PC\Desktop\GraphVille\Repositorio\src
Launcher Type: SUN_STANDARD

[Global flags]
     intx CICompilerCount                          = 4                                         {product} {ergonomic}
     uint ConcGCThreads                            = 2                                         {product} {ergonomic}
     uint G1ConcRefinementThreads                  = 8                                         {product} {ergonomic}
   size_t G1HeapRegionSize                         = 1048576                                   {product} {ergonomic}
    uintx GCDrainStackTargetSize                   = 64                                        {product} {ergonomic}
   size_t InitialHeapSize                          = 132120576                                 {product} {ergonomic}
   size_t MarkStackSize                            = 4194304                                   {product} {ergonomic}
   size_t MaxHeapSize                              = 2103443456                                {product} {ergonomic}
   size_t MaxNewSize                               = 1261436928                                {product} {ergonomic}
   size_t MinHeapDeltaBytes                        = 1048576                                   {product} {ergonomic}
   size_t MinHeapSize                              = 8388608                                   {product} {ergonomic}
    uintx NonNMethodCodeHeapSize                   = 5839372                                {pd product} {ergonomic}
    uintx NonProfiledCodeHeapSize                  = 122909434                              {pd product} {ergonomic}
    uintx ProfiledCodeHeapSize                     = 122909434                              {pd product} {ergonomic}
    uintx ReservedCodeCacheSize                    = 251658240                              {pd product} {ergonomic}
     bool SegmentedCodeCache                       = true                                      {product} {ergonomic}
     bool ShowCodeDetailsInExceptionMessages       = true                                   {manageable} {command line}
   size_t SoftMaxHeapSize                          = 2103443456                             {manageable} {ergonomic}
     bool UseCompressedClassPointers               = true                           {product lp64_product} {ergonomic}
     bool UseCompressedOops                        = true                           {product lp64_product} {ergonomic}
     bool UseG1GC                                  = true                                      {product} {ergonomic}
     bool UseLargePagesIndividualAllocation        = false                                  {pd product} {ergonomic}

Logging:
Log output configuration:
 #0: stdout all=warning uptime,level,tags foldmultilines=false
 #1: stderr all=off uptime,level,tags foldmultilines=false

Environment Variables:
PATH=C:/Program Files/Java/jdk-18.0.2.1/bin/server;C:/Program Files/Java/jdk-18.0.2.1/bin;C:\Program Files\Common Files\Oracle\Java\javapath;C:\Program Files (x86)\Common Files\Oracle\Java\javapath;C:\Windows\system32;C:\Windows;C:\Windows\System32\Wbem;C:\Windows\System32\WindowsPowerShell\v1.0\;C:\Windows\System32\OpenSSH\;C:\Program Files (x86)\NVIDIA Corporation\PhysX\Common;C:\Program Files\NVIDIA Corporation\NVIDIA NvDLISR;C:\Program Files (x86)\Windows Kits\8.1\Windows Performance Toolkit\;C:\Users\Jonathan\AppData\Local\Microsoft\WindowsApps;C:\Users\Jonathan\Dropbox\PC\Desktop;
USERNAME=Jonathan
OS=Windows_NT
PROCESSOR_IDENTIFIER=Intel64 Family 6 Model 165 Stepping 2, GenuineIntel



---------------  S Y S T E M  ---------------

OS:
 Windows 11 , 64 bit Build 22000 (10.0.22000.1219)
OS uptime: 0 days 8:58 hours
Hyper-V role detected

CPU: total 8 (initial active 8) (4 cores per cpu, 2 threads per core) family 6 model 165 stepping 2 microcode 0xe2, cx8, cmov, fxsr, ht, mmx, 3dnowpref, sse, sse2, sse3, ssse3, sse4.1, sse4.2, popcnt, lzcnt, tsc, tscinvbit, avx, avx2, aes, erms, clmul, bmi1, bmi2, adx, fma, vzeroupper, clflush, clflushopt, hv

Memory: 4k page, system-wide physical 8023M (142M free)
TotalPageFile size 32599M (AvailPageFile size 7M)
current process WorkingSet (physical memory assigned to process): 34M, peak: 89M
current process commit charge ("private bytes"): 231M, peak: 242M

vm_info: Java HotSpot(TM) 64-Bit Server VM (18.0.2.1+1-1) for windows-amd64 JRE (18.0.2.1+1-1), built on Aug 16 2022 01:46:33 by "mach5one" with MS VC++ 16.8 / 16.9 (VS2019)

END.
